2016-07-01 23:46:51 DEBUG FeerboxDB:13 - going to save cleaningService locally: 123456
2016-07-01 23:46:51 ERROR FeerboxDB:37 - SQLException
java.sql.SQLException: path to '/opt/pi4j/examples/feerbox2.db': 'C:\opt' does not exist
	at org.sqlite.core.CoreConnection.open(CoreConnection.java:192)
	at org.sqlite.core.CoreConnection.<init>(CoreConnection.java:76)
	at org.sqlite.jdbc3.JDBC3Connection.<init>(JDBC3Connection.java:24)
	at org.sqlite.jdbc4.JDBC4Connection.<init>(JDBC4Connection.java:23)
	at org.sqlite.SQLiteConnection.<init>(SQLiteConnection.java:45)
	at org.sqlite.JDBC.createConnection(JDBC.java:114)
	at org.sqlite.JDBC.connect(JDBC.java:88)
	at java.sql.DriverManager.getConnection(DriverManager.java:664)
	at java.sql.DriverManager.getConnection(DriverManager.java:270)
	at com.feerbox.client.db.FeerboxDB.createConnection(FeerboxDB.java:34)
	at com.feerbox.client.db.FeerboxDB.getConnection(FeerboxDB.java:22)
	at com.feerbox.client.db.SaveCleaningService.save(SaveCleaningService.java:18)
	at com.feerbox.client.CleaningServiceTest.testUpload(CleaningServiceTest.java:24)
	at sun.reflect.NativeMethodAccessorImpl.invoke0(Native Method)
	at sun.reflect.NativeMethodAccessorImpl.invoke(NativeMethodAccessorImpl.java:62)
	at sun.reflect.DelegatingMethodAccessorImpl.invoke(DelegatingMethodAccessorImpl.java:43)
	at java.lang.reflect.Method.invoke(Method.java:497)
	at org.junit.runners.model.FrameworkMethod$1.runReflectiveCall(FrameworkMethod.java:50)
	at org.junit.internal.runners.model.ReflectiveCallable.run(ReflectiveCallable.java:12)
	at org.junit.runners.model.FrameworkMethod.invokeExplosively(FrameworkMethod.java:47)
	at org.junit.internal.runners.statements.InvokeMethod.evaluate(InvokeMethod.java:17)
	at org.junit.runners.ParentRunner.runLeaf(ParentRunner.java:325)
	at org.junit.runners.BlockJUnit4ClassRunner.runChild(BlockJUnit4ClassRunner.java:78)
	at org.junit.runners.BlockJUnit4ClassRunner.runChild(BlockJUnit4ClassRunner.java:57)
	at org.junit.runners.ParentRunner$3.run(ParentRunner.java:290)
	at org.junit.runners.ParentRunner$1.schedule(ParentRunner.java:71)
	at org.junit.runners.ParentRunner.runChildren(ParentRunner.java:288)
	at org.junit.runners.ParentRunner.access$000(ParentRunner.java:58)
	at org.junit.runners.ParentRunner$2.evaluate(ParentRunner.java:268)
	at org.junit.runners.ParentRunner.run(ParentRunner.java:363)
	at org.eclipse.jdt.internal.junit4.runner.JUnit4TestReference.run(JUnit4TestReference.java:86)
	at org.eclipse.jdt.internal.junit.runner.TestExecution.run(TestExecution.java:38)
	at org.eclipse.jdt.internal.junit.runner.RemoteTestRunner.runTests(RemoteTestRunner.java:459)
	at org.eclipse.jdt.internal.junit.runner.RemoteTestRunner.runTests(RemoteTestRunner.java:675)
	at org.eclipse.jdt.internal.junit.runner.RemoteTestRunner.run(RemoteTestRunner.java:382)
	at org.eclipse.jdt.internal.junit.runner.RemoteTestRunner.main(RemoteTestRunner.java:192)
