#
# A fatal error has been detected by the Java Runtime Environment:
#
#  Internal Error (os_linux_zero.cpp:285), pid=2716, tid=3052733552
#  fatal error: caught unhandled signal 4
#
# JRE version: OpenJDK Runtime Environment (7.0_85-b01) (build 1.7.0_85-b01)
# Java VM: OpenJDK Zero VM (24.85-b03 mixed mode linux-arm )
# Derivative: IcedTea 2.6.1
# Distribution: Debian GNU/Linux 7.6 (wheezy), package 7u85-2.6.1-6~deb7u1+rpi1
# Failed to write core dump. Core dumps have been disabled. To enable core dumping, try "ulimit -c unlimited" before starting Java again
#
# If you would like to submit a bug report, please include
# instructions on how to reproduce the bug and visit:
#   http://icedtea.classpath.org/bugzilla
# The crash happened outside the Java Virtual Machine in native code.
# See problematic frame for where to report the bug.
#

---------------  T H R E A D  ---------------

Current thread (0x0136b738):  JavaThread "main" [_thread_in_native, id=2719, stack(0xb5db2000,0xb5f51000)]

Stack: [0xb5db2000,0xb5f51000],  sp=0xb5e831f4,  free space=836k
Java frames:
 0xb5f4e7d4: istate->_thread       = 0x0136b738
 0xb5f4e7d8: istate->_bcp          = 0x00000000
 0xb5f4e7dc: istate->_locals       = 0xb5f4e824
 0xb5f4e7e0: istate->_constants    = 0xafd43c50
 0xb5f4e7e4: istate->_method       = java.lang.ClassLoader$NativeLibrary.load(Ljava/lang/String;)V
 0xb5f4e7e8: istate->_mdx          = 0x00000000
 0xb5f4e7ec: istate->_stack        = 0xb5f4e7c8
 0xb5f4e7f0: istate->_msg          = 0x00000000
 0xb5f4e7f4: istate->_result       = 0x00000000
 0xb5f4e7f8: (istate->_result)     = 0x00000000
 0xb5f4e7fc: (istate->_result)     = 0x00000000
 0xb5f4e800: istate->_prev_link    = 0xb5f4e7cc
 0xb5f4e804: istate->_oop_temp     = 0x00000000
 0xb5f4e808: istate->_stack_base   = 0xb5f4e7d4
 0xb5f4e80c: istate->_stack_limit  = 0xb5f4e7d0
 0xb5f4e810: istate->_monitor_base = 0xb5f4e7d4
 0xb5f4e814: istate->_self_link    = 0xb5f4e7d4
 0xb5f4e818: frame_type            = INTERPRETER_FRAME
 0xb5f4e81c: next_frame            = 0xb5f4e880

 0xb5f4e820: local[1]              = 0xa22cd2c8
 0xb5f4e824: local[0]              = 0xa22cd3b8
 0xb5f4e828: monitor[1]->_lock     = 0x00000001
 0xb5f4e82c: monitor[1]->_obj      = 0xa6aa20e8
 0xb5f4e830: monitor[0]->_lock     = 0x00000009
 0xb5f4e834: monitor[0]->_obj      = 0xa6b29478
 0xb5f4e838: istate->_thread       = 0x0136b738
 0xb5f4e83c: istate->_bcp          = 0xafc16ede (bci 302)
 0xb5f4e840: istate->_locals       = 0xb5f4e8bc
 0xb5f4e844: istate->_constants    = 0xafc85d98
 0xb5f4e848: istate->_method       = java.lang.ClassLoader.loadLibrary1(Ljava/lang/Class;Ljava/io/File;)Z
 0xb5f4e84c: istate->_mdx          = 0xb5f4e810
 0xb5f4e850: istate->_stack        = 0xb5f4e81c
 0xb5f4e854: istate->_msg          = 0x00000000
 0xb5f4e858: istate->_result       = 0xb5f4e8ac
 0xb5f4e85c: (istate->_result)     = 0x0000002f
 0xb5f4e860: (istate->_result)     = 0x00000001
 0xb5f4e864: istate->_prev_link    = 0x0136b738
 0xb5f4e868: istate->_oop_temp     = 0x00000000
 0xb5f4e86c: istate->_stack_base   = 0xb5f4e828
 0xb5f4e870: istate->_stack_limit  = 0xb5f4e814
 0xb5f4e874: istate->_monitor_base = 0xb5f4e838
 0xb5f4e878: istate->_self_link    = 0xb5f4e838
 0xb5f4e87c: frame_type            = INTERPRETER_FRAME
 0xb5f4e880: next_frame            = 0xb5f4e908

 0xb5f4e884: local[14]             = 0x00000000
 0xb5f4e888: local[13]             = 0x00000000
 0xb5f4e88c: local[12]             = 0x00000000
 0xb5f4e890: local[11]             = 0x00000000
 0xb5f4e894: local[10]             = 0xa22cd3b8
 0xb5f4e898: local[9]              = 0x00000000
 0xb5f4e89c: local[8]              = 0xa6aa20e8
 0xb5f4e8a0: local[7]              = 0x00000000
 0xb5f4e8a4: local[6]              = 0xa6b29478
 0xb5f4e8a8: local[5]              = 0xa6b29478
 0xb5f4e8ac: local[4]              = 0xa6b14af0
 0xb5f4e8b0: local[3]              = 0xa22cd2c8
 0xb5f4e8b4: local[2]              = 0x00000001
 0xb5f4e8b8: local[1]              = 0xa22cced8
 0xb5f4e8bc: local[0]              = 0xa22699b8
 0xb5f4e8c0: istate->_thread       = 0x0136b738
 0xb5f4e8c4: istate->_bcp          = 0xafc16ce2 (bci 2)
 0xb5f4e8c8: istate->_locals       = 0xb5f4e914
 0xb5f4e8cc: istate->_constants    = 0xafc85d98
 0xb5f4e8d0: istate->_method       = java.lang.ClassLoader.loadLibrary0(Ljava/lang/Class;Ljava/io/File;)Z
 0xb5f4e8d4: istate->_mdx          = 0xb5f4e8ac
 0xb5f4e8d8: istate->_stack        = 0xb5f4e8b4
 0xb5f4e8dc: istate->_msg          = 0x00000000
 0xb5f4e8e0: istate->_result       = 0xb5f4e928
 0xb5f4e8e4: (istate->_result)     = 0xafd3ce50
 0xb5f4e8e8: (istate->_result)     = 0xafd3bae8
 0xb5f4e8ec: istate->_prev_link    = 0x00000000
 0xb5f4e8f0: istate->_oop_temp     = 0x00000000
 0xb5f4e8f4: istate->_stack_base   = 0xb5f4e8c0
 0xb5f4e8f8: istate->_stack_limit  = 0xb5f4e8b4
 0xb5f4e8fc: istate->_monitor_base = 0xb5f4e8c0
 0xb5f4e900: istate->_self_link    = 0xb5f4e8c0
 0xb5f4e904: frame_type            = INTERPRETER_FRAME
 0xb5f4e908: next_frame            = 0xb5f4e960

 0xb5f4e90c: local[2]              = 0x00000000
 0xb5f4e910: local[1]              = 0xa22cced8
 0xb5f4e914: local[0]              = 0xa22699b8
 0xb5f4e918: istate->_thread       = 0x0136b738
 0xb5f4e91c: istate->_bcp          = 0xafc16ab0 (bci 48)
 0xb5f4e920: istate->_locals       = 0xb5f4e978
 0xb5f4e924: istate->_constants    = 0xafc85d98
 0xb5f4e928: istate->_method       = java.lang.ClassLoader.loadLibrary(Ljava/lang/Class;Ljava/lang/String;Z)V
 0xb5f4e92c: istate->_mdx          = 0x0136b738
 0xb5f4e930: istate->_stack        = 0xb5f4e90c
 0xb5f4e934: istate->_msg          = 0x00000000
 0xb5f4e938: istate->_result       = 0xafd38ef0
 0xb5f4e93c: (istate->_result)     = 0xafd36130
 0xb5f4e940: (istate->_result)     = 0x00000000
 0xb5f4e944: istate->_prev_link    = 0xb5f4e920
 0xb5f4e948: istate->_oop_temp     = 0x00000000
 0xb5f4e94c: istate->_stack_base   = 0xb5f4e918
 0xb5f4e950: istate->_stack_limit  = 0xb5f4e904
 0xb5f4e954: istate->_monitor_base = 0xb5f4e918
 0xb5f4e958: istate->_self_link    = 0xb5f4e918
 0xb5f4e95c: frame_type            = INTERPRETER_FRAME
 0xb5f4e960: next_frame            = 0xb5f4e9cc

 0xb5f4e964: local[5]              = 0x00000000
 0xb5f4e968: local[4]              = 0x00000000
 0xb5f4e96c: local[3]              = 0xa6b14af0
 0xb5f4e970: local[2]              = 0x00000001
 0xb5f4e974: local[1]              = 0xa22cce08
 0xb5f4e978: local[0]              = 0xa22699b8
 0xb5f4e97c: monitor[0]->_lock     = 0x00000001
 0xb5f4e980: monitor[0]->_obj      = 0xa6aa1910
 0xb5f4e984: istate->_thread       = 0x0136b738
 0xb5f4e988: istate->_bcp          = 0xafcf4e99 (bci 57)
 0xb5f4e98c: istate->_locals       = 0xb5f4e9dc
 0xb5f4e990: istate->_constants    = 0xafcf5498
 0xb5f4e994: istate->_method       = java.lang.Runtime.load0(Ljava/lang/Class;Ljava/lang/String;)V
 0xb5f4e998: istate->_mdx          = 0x00000000
 0xb5f4e99c: istate->_stack        = 0xb5f4e96c
 0xb5f4e9a0: istate->_msg          = 0x00000000
 0xb5f4e9a4: istate->_result       = 0x00000000
 0xb5f4e9a8: (istate->_result)     = 0x00000000
 0xb5f4e9ac: (istate->_result)     = 0x00000000
 0xb5f4e9b0: istate->_prev_link    = 0x00000000
 0xb5f4e9b4: istate->_oop_temp     = 0x00000000
 0xb5f4e9b8: istate->_stack_base   = 0xb5f4e97c
 0xb5f4e9bc: istate->_stack_limit  = 0xb5f4e968
 0xb5f4e9c0: istate->_monitor_base = 0xb5f4e984
 0xb5f4e9c4: istate->_self_link    = 0xb5f4e984
 0xb5f4e9c8: frame_type            = INTERPRETER_FRAME
 0xb5f4e9cc: next_frame            = 0xb5f4ea28

 0xb5f4e9d0: local[3]              = 0x00000000
 0xb5f4e9d4: local[2]              = 0xa22cce08
 0xb5f4e9d8: local[1]              = 0xa22699b8
 0xb5f4e9dc: local[0]              = 0xa6aa1910
 0xb5f4e9e0: istate->_thread       = 0x0136b738
 0xb5f4e9e4: istate->_bcp          = 0xafc19bb7 (bci 7)
 0xb5f4e9e8: istate->_locals       = 0xb5f4ea2c
 0xb5f4e9ec: istate->_constants    = 0xafc89700
 0xb5f4e9f0: istate->_method       = java.lang.System.load(Ljava/lang/String;)V
 0xb5f4e9f4: istate->_mdx          = 0xb5f4e9d0
 0xb5f4e9f8: istate->_stack        = 0xb5f4e9d0
 0xb5f4e9fc: istate->_msg          = 0x00000000
 0xb5f4ea00: istate->_result       = 0x00000000
 0xb5f4ea04: (istate->_result)     = 0x00000000
 0xb5f4ea08: (istate->_result)     = 0xb5f4e9d4
 0xb5f4ea0c: istate->_prev_link    = 0xb5f4e9bc
 0xb5f4ea10: istate->_oop_temp     = 0x00000000
 0xb5f4ea14: istate->_stack_base   = 0xb5f4e9e0
 0xb5f4ea18: istate->_stack_limit  = 0xb5f4e9d0
 0xb5f4ea1c: istate->_monitor_base = 0xb5f4e9e0
 0xb5f4ea20: istate->_self_link    = 0xb5f4e9e0
 0xb5f4ea24: frame_type            = INTERPRETER_FRAME
 0xb5f4ea28: next_frame            = 0xb5f4ea80

 0xb5f4ea2c: local[0]              = 0xa22cce08
 0xb5f4ea30: monitor[0]->_lock     = 0x00000001
 0xb5f4ea34: monitor[0]->_obj      = 0xa22699b8
 0xb5f4ea38: istate->_thread       = 0x0136b738
 0xb5f4ea3c: istate->_bcp          = 0xaffe87bd (bci 29)
 0xb5f4ea40: istate->_locals       = 0xb5f4ea90
 0xb5f4ea44: istate->_constants    = 0xaffe9eb0
 0xb5f4ea48: istate->_method       = org.sqlite.SQLiteJDBCLoader.loadNativeLibrary(Ljava/lang/String;Ljava/lang/String;)Z
 0xb5f4ea4c: istate->_mdx          = 0x00000000
 0xb5f4ea50: istate->_stack        = 0xb5f4ea28
 0xb5f4ea54: istate->_msg          = 0x00000000
 0xb5f4ea58: istate->_result       = 0x00000000
 0xb5f4ea5c: (istate->_result)     = 0x00000000
 0xb5f4ea60: (istate->_result)     = 0xb5f4ea2c
 0xb5f4ea64: istate->_prev_link    = 0x00000000
 0xb5f4ea68: istate->_oop_temp     = 0x00000000
 0xb5f4ea6c: istate->_stack_base   = 0xb5f4ea30
 0xb5f4ea70: istate->_stack_limit  = 0xb5f4ea1c
 0xb5f4ea74: istate->_monitor_base = 0xb5f4ea38
 0xb5f4ea78: istate->_self_link    = 0xb5f4ea38
 0xb5f4ea7c: frame_type            = INTERPRETER_FRAME
 0xb5f4ea80: next_frame            = 0xb5f4eadc

 0xb5f4ea84: local[3]              = 0x00000000
 0xb5f4ea88: local[2]              = 0xa22cc968
 0xb5f4ea8c: local[1]              = 0xa22b9bb0
 0xb5f4ea90: local[0]              = 0xa6abc1d8
 0xb5f4ea94: istate->_thread       = 0x0136b738
 0xb5f4ea98: istate->_bcp          = 0xaffe85dc (bci 308)
 0xb5f4ea9c: istate->_locals       = 0xb5f4eb10
 0xb5f4eaa0: istate->_constants    = 0xaffe9eb0
 0xb5f4eaa4: istate->_method       = org.sqlite.SQLiteJDBCLoader.extractAndLoadLibraryFile(Ljava/lang/String;Ljava/lang/String;Ljava/lang/String;)Z
 0xb5f4eaa8: istate->_mdx          = 0xb5f4ea60
 0xb5f4eaac: istate->_stack        = 0xb5f4ea88
 0xb5f4eab0: istate->_msg          = 0x00000000
 0xb5f4eab4: istate->_result       = 0x00000002
 0xb5f4eab8: (istate->_result)     = 0xb5f4eb0c
 0xb5f4eabc: (istate->_result)     = 0xa2287a70
 0xb5f4eac0: istate->_prev_link    = 0xa6abc1d8
 0xb5f4eac4: istate->_oop_temp     = 0x00000000
 0xb5f4eac8: istate->_stack_base   = 0xb5f4ea94
 0xb5f4eacc: istate->_stack_limit  = 0xb5f4ea74
 0xb5f4ead0: istate->_monitor_base = 0xb5f4ea94
 0xb5f4ead4: istate->_self_link    = 0xb5f4ea94
 0xb5f4ead8: frame_type            = INTERPRETER_FRAME
 0xb5f4eadc: next_frame            = 0xb5f4eb5c

 0xb5f4eae0: local[12]             = 0x00000000
 0xb5f4eae4: local[11]             = 0x00000000
 0xb5f4eae8: local[10]             = 0xa22c8758
 0xb5f4eaec: local[9]              = 0xa22c6310
 0xb5f4eaf0: local[8]              = 0xa22bfed0
 0xb5f4eaf4: local[7]              = 0xa22bda00
 0xb5f4eaf8: local[6]              = 0xa22b9c60
 0xb5f4eafc: local[5]              = 0xa22b9bb0
 0xb5f4eb00: local[4]              = 0xa22b1830
 0xb5f4eb04: local[3]              = 0xa2287bf0
 0xb5f4eb08: local[2]              = 0xa6abc1d8
 0xb5f4eb0c: local[1]              = 0xa226a190
 0xb5f4eb10: local[0]              = 0xa2284578
 0xb5f4eb14: istate->_thread       = 0x0136b738
 0xb5f4eb18: istate->_bcp          = 0xaffe89a0 (bci 224)
 0xb5f4eb1c: istate->_locals       = 0xb5f4eb6c
 0xb5f4eb20: istate->_constants    = 0xaffe9eb0
 0xb5f4eb24: istate->_method       = org.sqlite.SQLiteJDBCLoader.loadSQLiteNativeLibrary()V
 0xb5f4eb28: istate->_mdx          = 0xb5f4eb84
 0xb5f4eb2c: istate->_stack        = 0xb5f4eb04
 0xb5f4eb30: istate->_msg          = 0x00000000
 0xb5f4eb34: istate->_result       = 0xa2420068
 0xb5f4eb38: (istate->_result)     = 0x00000000
 0xb5f4eb3c: (istate->_result)     = 0x0136b738
 0xb5f4eb40: istate->_prev_link    = 0xafc13d5b
 0xb5f4eb44: istate->_oop_temp     = 0x00000000
 0xb5f4eb48: istate->_stack_base   = 0xb5f4eb14
 0xb5f4eb4c: istate->_stack_limit  = 0xb5f4eaf4
 0xb5f4eb50: istate->_monitor_base = 0xb5f4eb14
 0xb5f4eb54: istate->_self_link    = 0xb5f4eb14
 0xb5f4eb58: frame_type            = INTERPRETER_FRAME
 0xb5f4eb5c: next_frame            = 0xb5f4ebb8

 0xb5f4eb60: local[3]              = 0xa6abc1d8
 0xb5f4eb64: local[2]              = 0x00000001
 0xb5f4eb68: local[1]              = 0xa226a190
 0xb5f4eb6c: local[0]              = 0xa2284578
 0xb5f4eb70: istate->_thread       = 0x0136b738
 0xb5f4eb74: istate->_bcp          = 0xaffe7ee0 (bci 0)
 0xb5f4eb78: istate->_locals       = 0xb5f4ebb8
 0xb5f4eb7c: istate->_constants    = 0xaffe9eb0
 0xb5f4eb80: istate->_method       = org.sqlite.SQLiteJDBCLoader.initialize()Z
 0xb5f4eb84: istate->_mdx          = 0xb5f4ebb0
 0xb5f4eb88: istate->_stack        = 0xb5f4eb6c
 0xb5f4eb8c: istate->_msg          = 0x00000000
 0xb5f4eb90: istate->_result       = 0xb5f4eb5c
 0xb5f4eb94: (istate->_result)     = 0xb5f4eb54
 0xb5f4eb98: (istate->_result)     = 0xb5f4eb5c
 0xb5f4eb9c: istate->_prev_link    = 0xb5f4eb5c
 0xb5f4eba0: istate->_oop_temp     = 0x00000000
 0xb5f4eba4: istate->_stack_base   = 0xb5f4eb70
 0xb5f4eba8: istate->_stack_limit  = 0xb5f4eb68
 0xb5f4ebac: istate->_monitor_base = 0xb5f4eb70
 0xb5f4ebb0: istate->_self_link    = 0xb5f4eb70
 0xb5f4ebb4: frame_type            = INTERPRETER_FRAME
 0xb5f4ebb8: next_frame            = 0xb5f4ec04

 0xb5f4ebbc: istate->_thread       = 0x0136b738
 0xb5f4ebc0: istate->_bcp          = 0xaff46c13 (bci 19)
 0xb5f4ebc4: istate->_locals       = 0xb5f4ec04
 0xb5f4ebc8: istate->_constants    = 0xaffe7520
 0xb5f4ebcc: istate->_method       = org.sqlite.core.NativeDB.load()Z
 0xb5f4ebd0: istate->_mdx          = 0xb5f4eb94
 0xb5f4ebd4: istate->_stack        = 0xb5f4ebb8
 0xb5f4ebd8: istate->_msg          = 0x00000000
 0xb5f4ebdc: istate->_result       = 0xb5f4ebe8
 0xb5f4ebe0: (istate->_result)     = 0xb5e84410
 0xb5f4ebe4: (istate->_result)     = 0x00000001
 0xb5f4ebe8: istate->_prev_link    = 0xb5f4ec50
 0xb5f4ebec: istate->_oop_temp     = 0x00000000
 0xb5f4ebf0: istate->_stack_base   = 0xb5f4ebbc
 0xb5f4ebf4: istate->_stack_limit  = 0xb5f4ebb0
 0xb5f4ebf8: istate->_monitor_base = 0xb5f4ebbc
 0xb5f4ebfc: istate->_self_link    = 0xb5f4ebbc
 0xb5f4ec00: frame_type            = INTERPRETER_FRAME
 0xb5f4ec04: next_frame            = 0xb5f4ec50

 0xb5f4ec08: istate->_thread       = 0x0136b738
 0xb5f4ec0c: istate->_bcp          = 0xaff4062b (bci 355)
 0xb5f4ec10: istate->_locals       = 0xb5f4ec6c
 0xb5f4ec14: istate->_constants    = 0xaff48c68
 0xb5f4ec18: istate->_method       = org.sqlite.core.CoreConnection.open(II)V
 0xb5f4ec1c: istate->_mdx          = 0x0136b738
 0xb5f4ec20: istate->_stack        = 0xb5f4ec04
 0xb5f4ec24: istate->_msg          = 0x00000000
 0xb5f4ec28: istate->_result       = 0xaff7b6d8
 0xb5f4ec2c: (istate->_result)     = 0xaff779c8
 0xb5f4ec30: (istate->_result)     = 0x00000000
 0xb5f4ec34: istate->_prev_link    = 0xb5f4ec14
 0xb5f4ec38: istate->_oop_temp     = 0x00000000
 0xb5f4ec3c: istate->_stack_base   = 0xb5f4ec08
 0xb5f4ec40: istate->_stack_limit  = 0xb5f4ebe8
 0xb5f4ec44: istate->_monitor_base = 0xb5f4ec08
 0xb5f4ec48: istate->_self_link    = 0xb5f4ec08
 0xb5f4ec4c: frame_type            = INTERPRETER_FRAME
 0xb5f4ec50: next_frame            = 0xb5f4ecb8

 0xb5f4ec54: local[6]              = 0x00000000
 0xb5f4ec58: local[5]              = 0x00000000
 0xb5f4ec5c: local[4]              = 0xa225f140
 0xb5f4ec60: local[3]              = 0xa225f0e0
 0xb5f4ec64: local[2]              = 0x00000bb8
 0xb5f4ec68: local[1]              = 0x00000046
 0xb5f4ec6c: local[0]              = 0xa2420378
 0xb5f4ec70: istate->_thread       = 0x0136b738
 0xb5f4ec74: istate->_bcp          = 0xaff400a2 (bci 138)
 0xb5f4ec78: istate->_locals       = 0xb5f4eccc
 0xb5f4ec7c: istate->_constants    = 0xaff48c68
 0xb5f4ec80: istate->_method       = org.sqlite.core.CoreConnection.<init>(Ljava/lang/String;Ljava/lang/String;Ljava/util/Properties;)V
 0xb5f4ec84: istate->_mdx          = 0x0136b738
 0xb5f4ec88: istate->_stack        = 0xb5f4ec60
 0xb5f4ec8c: istate->_msg          = 0x00000000
 0xb5f4ec90: istate->_result       = 0xafc848d8
 0xb5f4ec94: (istate->_result)     = 0xafc012d0
 0xb5f4ec98: (istate->_result)     = 0x00000002
 0xb5f4ec9c: istate->_prev_link    = 0xb5f4ecf4
 0xb5f4eca0: istate->_oop_temp     = 0x00000000
 0xb5f4eca4: istate->_stack_base   = 0xb5f4ec70
 0xb5f4eca8: istate->_stack_limit  = 0xb5f4ec5c
 0xb5f4ecac: istate->_monitor_base = 0xb5f4ec70
 0xb5f4ecb0: istate->_self_link    = 0xb5f4ec70
 0xb5f4ecb4: frame_type            = INTERPRETER_FRAME
 0xb5f4ecb8: next_frame            = 0xb5f4ed18

 0xb5f4ecbc: local[4]              = 0xa2420420
 0xb5f4ecc0: local[3]              = 0xa24203f0
 0xb5f4ecc4: local[2]              = 0xa24203d8
 0xb5f4ecc8: local[1]              = 0xa24203c0
 0xb5f4eccc: local[0]              = 0xa2420378
 0xb5f4ecd0: istate->_thread       = 0x0136b738
 0xb5f4ecd4: istate->_bcp          = 0xaff3d8a4 (bci 4)
 0xb5f4ecd8: istate->_locals       = 0xb5f4ed28
 0xb5f4ecdc: istate->_constants    = 0xaff49600
 0xb5f4ece0: istate->_method       = org.sqlite.jdbc3.JDBC3Connection.<init>(Ljava/lang/String;Ljava/lang/String;Ljava/util/Properties;)V
 0xb5f4ece4: istate->_mdx          = 0xafc03658
 0xb5f4ece8: istate->_stack        = 0xb5f4ecbc
 0xb5f4ecec: istate->_msg          = 0x00000000
 0xb5f4ecf0: istate->_result       = 0x00000000
 0xb5f4ecf4: (istate->_result)     = 0xb5f4ed60
 0xb5f4ecf8: (istate->_result)     = 0xa23b7cf0
 0xb5f4ecfc: istate->_prev_link    = 0x00000000
 0xb5f4ed00: istate->_oop_temp     = 0x00000000
 0xb5f4ed04: istate->_stack_base   = 0xb5f4ecd0
 0xb5f4ed08: istate->_stack_limit  = 0xb5f4ecbc
 0xb5f4ed0c: istate->_monitor_base = 0xb5f4ecd0
 0xb5f4ed10: istate->_self_link    = 0xb5f4ecd0
 0xb5f4ed14: frame_type            = INTERPRETER_FRAME
 0xb5f4ed18: next_frame            = 0xb5f4ed74

 0xb5f4ed1c: local[3]              = 0xa24203f0
 0xb5f4ed20: local[2]              = 0xa24203d8
 0xb5f4ed24: local[1]              = 0xa24203c0
 0xb5f4ed28: local[0]              = 0xa2420378
 0xb5f4ed2c: istate->_thread       = 0x0136b738
 0xb5f4ed30: istate->_bcp          = 0xaff3c6fc (bci 4)
 0xb5f4ed34: istate->_locals       = 0xb5f4ed84
 0xb5f4ed38: istate->_constants    = 0xaff60298
 0xb5f4ed3c: istate->_method       = org.sqlite.jdbc4.JDBC4Connection.<init>(Ljava/lang/String;Ljava/lang/String;Ljava/util/Properties;)V
 0xb5f4ed40: istate->_mdx          = 0xafc86da8
 0xb5f4ed44: istate->_stack        = 0xb5f4ed18
 0xb5f4ed48: istate->_msg          = 0x00000000
 0xb5f4ed4c: istate->_result       = 0xb5f4ed1c
 0xb5f4ed50: (istate->_result)     = 0x00000000
 0xb5f4ed54: (istate->_result)     = 0x00000000
 0xb5f4ed58: istate->_prev_link    = 0xb5f4ed18
 0xb5f4ed5c: istate->_oop_temp     = 0x00000000
 0xb5f4ed60: istate->_stack_base   = 0xb5f4ed2c
 0xb5f4ed64: istate->_stack_limit  = 0xb5f4ed18
 0xb5f4ed68: istate->_monitor_base = 0xb5f4ed2c
 0xb5f4ed6c: istate->_self_link    = 0xb5f4ed2c
 0xb5f4ed70: frame_type            = INTERPRETER_FRAME
 0xb5f4ed74: next_frame            = 0xb5f4edd0

 0xb5f4ed78: local[3]              = 0xa24203f0
 0xb5f4ed7c: local[2]              = 0xa24203d8
 0xb5f4ed80: local[1]              = 0xa24203c0
 0xb5f4ed84: local[0]              = 0xa2420378
 0xb5f4ed88: istate->_thread       = 0x0136b738
 0xb5f4ed8c: istate->_bcp          = 0xaff3bfcc (bci 4)
 0xb5f4ed90: istate->_locals       = 0xb5f4ede0
 0xb5f4ed94: istate->_constants    = 0xaff60358
 0xb5f4ed98: istate->_method       = org.sqlite.SQLiteConnection.<init>(Ljava/lang/String;Ljava/lang/String;Ljava/util/Properties;)V
 0xb5f4ed9c: istate->_mdx          = 0xaff2fad8
 0xb5f4eda0: istate->_stack        = 0xb5f4ed74
 0xb5f4eda4: istate->_msg          = 0x00000000
 0xb5f4eda8: istate->_result       = 0x00000000
 0xb5f4edac: (istate->_result)     = 0xb5f4ed6c
 0xb5f4edb0: (istate->_result)     = 0x00000002
 0xb5f4edb4: istate->_prev_link    = 0xb5f4edd0
 0xb5f4edb8: istate->_oop_temp     = 0x00000000
 0xb5f4edbc: istate->_stack_base   = 0xb5f4ed88
 0xb5f4edc0: istate->_stack_limit  = 0xb5f4ed74
 0xb5f4edc4: istate->_monitor_base = 0xb5f4ed88
 0xb5f4edc8: istate->_self_link    = 0xb5f4ed88
 0xb5f4edcc: frame_type            = INTERPRETER_FRAME
 0xb5f4edd0: next_frame            = 0xb5f4ee30

 0xb5f4edd4: local[4]              = 0xa24203f0
 0xb5f4edd8: local[3]              = 0xa24203d8
 0xb5f4eddc: local[2]              = 0xa24203c0
 0xb5f4ede0: local[1]              = 0xa2420378
 0xb5f4ede4: local[0]              = 0xa2420378
 0xb5f4ede8: istate->_thread       = 0x0136b738
 0xb5f4edec: istate->_bcp          = 0xaff2fb80 (bci 24)
 0xb5f4edf0: istate->_locals       = 0xb5f4ee38
 0xb5f4edf4: istate->_constants    = 0xaff322b0
 0xb5f4edf8: istate->_method       = org.sqlite.JDBC.createConnection(Ljava/lang/String;Ljava/util/Properties;)Ljava/sql/Connection;
 0xb5f4edfc: istate->_mdx          = 0xb5f4edd0
 0xb5f4ee00: istate->_stack        = 0xb5f4edd0
 0xb5f4ee04: istate->_msg          = 0x00000000
 0xb5f4ee08: istate->_result       = 0x00000000
 0xb5f4ee0c: (istate->_result)     = 0xb5f4edd0
 0xb5f4ee10: (istate->_result)     = 0x00000000
 0xb5f4ee14: istate->_prev_link    = 0x00000000
 0xb5f4ee18: istate->_oop_temp     = 0x00000000
 0xb5f4ee1c: istate->_stack_base   = 0xb5f4ede8
 0xb5f4ee20: istate->_stack_limit  = 0xb5f4edd0
 0xb5f4ee24: istate->_monitor_base = 0xb5f4ede8
 0xb5f4ee28: istate->_self_link    = 0xb5f4ede8
 0xb5f4ee2c: frame_type            = INTERPRETER_FRAME
 0xb5f4ee30: next_frame            = 0xb5f4ee84

 0xb5f4ee34: local[1]              = 0xa24203f0
 0xb5f4ee38: local[0]              = 0xa24203c0
 0xb5f4ee3c: istate->_thread       = 0x0136b738
 0xb5f4ee40: istate->_bcp          = 0xaff2f9da (bci 2)
 0xb5f4ee44: istate->_locals       = 0xb5f4ee90
 0xb5f4ee48: istate->_constants    = 0xaff322b0
 0xb5f4ee4c: istate->_method       = org.sqlite.JDBC.connect(Ljava/lang/String;Ljava/util/Properties;)Ljava/sql/Connection;
 0xb5f4ee50: istate->_mdx          = 0xafce30d0
 0xb5f4ee54: istate->_stack        = 0xb5f4ee30
 0xb5f4ee58: istate->_msg          = 0x00000000
 0xb5f4ee5c: istate->_result       = 0xb5f4ee2c
 0xb5f4ee60: (istate->_result)     = 0x00000000
 0xb5f4ee64: (istate->_result)     = 0x00000000
 0xb5f4ee68: istate->_prev_link    = 0xb5f4ee34
 0xb5f4ee6c: istate->_oop_temp     = 0x00000000
 0xb5f4ee70: istate->_stack_base   = 0xb5f4ee3c
 0xb5f4ee74: istate->_stack_limit  = 0xb5f4ee30
 0xb5f4ee78: istate->_monitor_base = 0xb5f4ee3c
 0xb5f4ee7c: istate->_self_link    = 0xb5f4ee3c
 0xb5f4ee80: frame_type            = INTERPRETER_FRAME
 0xb5f4ee84: next_frame            = 0xb5f4eee4

 0xb5f4ee88: local[2]              = 0xa24203f0
 0xb5f4ee8c: local[1]              = 0xa24203c0
 0xb5f4ee90: local[0]              = 0xa2420450
 0xb5f4ee94: monitor[0]->_lock     = 0x00000001
 0xb5f4ee98: monitor[0]->_obj      = 0x00000000
 0xb5f4ee9c: istate->_thread       = 0x0136b738
 0xb5f4eea0: istate->_bcp          = 0xaff33d8c (bci 172)
 0xb5f4eea4: istate->_locals       = 0xb5f4ef04
 0xb5f4eea8: istate->_constants    = 0xaff34160
 0xb5f4eeac: istate->_method       = java.sql.DriverManager.getConnection(Ljava/lang/String;Ljava/util/Properties;Ljava/lang/Class;)Ljava/sql/Connection;
 0xb5f4eeb0: istate->_mdx          = 0xa230b3e0
 0xb5f4eeb4: istate->_stack        = 0xb5f4ee84
 0xb5f4eeb8: istate->_msg          = 0x00000000
 0xb5f4eebc: istate->_result       = 0xb5f4eefc
 0xb5f4eec0: (istate->_result)     = 0xafcc7a28
 0xb5f4eec4: (istate->_result)     = 0xafcc6670
 0xb5f4eec8: istate->_prev_link    = 0x00000002
 0xb5f4eecc: istate->_oop_temp     = 0x00000000
 0xb5f4eed0: istate->_stack_base   = 0xb5f4ee94
 0xb5f4eed4: istate->_stack_limit  = 0xb5f4ee80
 0xb5f4eed8: istate->_monitor_base = 0xb5f4ee9c
 0xb5f4eedc: istate->_self_link    = 0xb5f4ee9c
 0xb5f4eee0: frame_type            = INTERPRETER_FRAME
 0xb5f4eee4: next_frame            = 0xb5f4ef50

 0xb5f4eee8: local[7]              = 0x00000000
 0xb5f4eeec: local[6]              = 0xa24204c8
 0xb5f4eef0: local[5]              = 0xa24204b8
 0xb5f4eef4: local[4]              = 0x00000000
 0xb5f4eef8: local[3]              = 0xa6b14af0
 0xb5f4eefc: local[2]              = 0xa2420458
 0xb5f4ef00: local[1]              = 0xa24203f0
 0xb5f4ef04: local[0]              = 0xa24203c0
 0xb5f4ef08: istate->_thread       = 0x0136b738
 0xb5f4ef0c: istate->_bcp          = 0xaff33055 (bci 13)
 0xb5f4ef10: istate->_locals       = 0xb5f4ef58
 0xb5f4ef14: istate->_constants    = 0xaff34160
 0xb5f4ef18: istate->_method       = java.sql.DriverManager.getConnection(Ljava/lang/String;)Ljava/sql/Connection;
 0xb5f4ef1c: istate->_mdx          = 0xb5f4eee0
 0xb5f4ef20: istate->_stack        = 0xb5f4eef8
 0xb5f4ef24: istate->_msg          = 0x00000000
 0xb5f4ef28: istate->_result       = 0xb5f4ef54
 0xb5f4ef2c: (istate->_result)     = 0x00000000
 0xb5f4ef30: (istate->_result)     = 0x00000000
 0xb5f4ef34: istate->_prev_link    = 0x00000000
 0xb5f4ef38: istate->_oop_temp     = 0x00000000
 0xb5f4ef3c: istate->_stack_base   = 0xb5f4ef08
 0xb5f4ef40: istate->_stack_limit  = 0xb5f4eef8
 0xb5f4ef44: istate->_monitor_base = 0xb5f4ef08
 0xb5f4ef48: istate->_self_link    = 0xb5f4ef08
 0xb5f4ef4c: frame_type            = INTERPRETER_FRAME
 0xb5f4ef50: next_frame            = 0xb5f4efa4

 0xb5f4ef54: local[1]              = 0xa24203f0
 0xb5f4ef58: local[0]              = 0xa24203c0
 0xb5f4ef5c: istate->_thread       = 0x0136b738
 0xb5f4ef60: istate->_bcp          = 0xaff2c3a4 (bci 12)
 0xb5f4ef64: istate->_locals       = 0xb5f4efa8
 0xb5f4ef68: istate->_constants    = 0xaff2d8c0
 0xb5f4ef6c: istate->_method       = com.feerbox.client.db.FeerboxDB.createConnection()V
 0xb5f4ef70: istate->_mdx          = 0x00000002
 0xb5f4ef74: istate->_stack        = 0xb5f4ef54
 0xb5f4ef78: istate->_msg          = 0x00000000
 0xb5f4ef7c: istate->_result       = 0xa6b14da8
 0xb5f4ef80: (istate->_result)     = 0x00000022
 0xb5f4ef84: (istate->_result)     = 0xa22f26e8
 0xb5f4ef88: istate->_prev_link    = 0xa2405f78
 0xb5f4ef8c: istate->_oop_temp     = 0x00000000
 0xb5f4ef90: istate->_stack_base   = 0xb5f4ef5c
 0xb5f4ef94: istate->_stack_limit  = 0xb5f4ef54
 0xb5f4ef98: istate->_monitor_base = 0xb5f4ef5c
 0xb5f4ef9c: istate->_self_link    = 0xb5f4ef5c
 0xb5f4efa0: frame_type            = INTERPRETER_FRAME
 0xb5f4efa4: next_frame            = 0xb5f4eff4

 0xb5f4efa8: local[0]              = 0x00000000
 0xb5f4efac: istate->_thread       = 0x0136b738
 0xb5f4efb0: istate->_bcp          = 0xaff2c2c9 (bci 17)
 0xb5f4efb4: istate->_locals       = 0xb5f4eff8
 0xb5f4efb8: istate->_constants    = 0xaff2d8c0
 0xb5f4efbc: istate->_method       = com.feerbox.client.db.FeerboxDB.getConnection()Ljava/sql/Connection;
 0xb5f4efc0: istate->_mdx          = 0xb5f4efec
 0xb5f4efc4: istate->_stack        = 0xb5f4efa8
 0xb5f4efc8: istate->_msg          = 0x00000000
 0xb5f4efcc: istate->_result       = 0x00000000
 0xb5f4efd0: (istate->_result)     = 0x00000000
 0xb5f4efd4: (istate->_result)     = 0xb5f4efa0
 0xb5f4efd8: istate->_prev_link    = 0xb5f4ef84
 0xb5f4efdc: istate->_oop_temp     = 0x00000000
 0xb5f4efe0: istate->_stack_base   = 0xb5f4efac
 0xb5f4efe4: istate->_stack_limit  = 0xb5f4efa4
 0xb5f4efe8: istate->_monitor_base = 0xb5f4efac
 0xb5f4efec: istate->_self_link    = 0xb5f4efac
 0xb5f4eff0: frame_type            = INTERPRETER_FRAME
 0xb5f4eff4: next_frame            = 0xb5f4f044

 0xb5f4eff8: local[0]              = 0x00000000
 0xb5f4effc: istate->_thread       = 0x0136b738
 0xb5f4f000: istate->_bcp          = 0xaff2bb48 (bci 32)
 0xb5f4f004: istate->_locals       = 0xb5f4f060
 0xb5f4f008: istate->_constants    = 0xaff2d9c0
 0xb5f4f00c: istate->_method       = com.feerbox.client.db.SaveAnswer.save(Lcom/feerbox/client/model/Answer;)I
 0xb5f4f010: istate->_mdx          = 0xaff2c580
 0xb5f4f014: istate->_stack        = 0xb5f4eff8
 0xb5f4f018: istate->_msg          = 0x00000000
 0xb5f4f01c: istate->_result       = 0x00000000
 0xb5f4f020: (istate->_result)     = 0xb5f4efe0
 0xb5f4f024: (istate->_result)     = 0x00000002
 0xb5f4f028: istate->_prev_link    = 0xb5f4f054
 0xb5f4f02c: istate->_oop_temp     = 0x00000000
 0xb5f4f030: istate->_stack_base   = 0xb5f4effc
 0xb5f4f034: istate->_stack_limit  = 0xb5f4efec
 0xb5f4f038: istate->_monitor_base = 0xb5f4effc
 0xb5f4f03c: istate->_self_link    = 0xb5f4effc
 0xb5f4f040: frame_type            = INTERPRETER_FRAME
 0xb5f4f044: next_frame            = 0xb5f4f0ac

 0xb5f4f048: local[6]              = 0x00000000
 0xb5f4f04c: local[5]              = 0x00000000
 0xb5f4f050: local[4]              = 0x00000000
 0xb5f4f054: local[3]              = 0x00000000
 0xb5f4f058: local[2]              = 0x00000000
 0xb5f4f05c: local[1]              = 0x00000000
 0xb5f4f060: local[0]              = 0xa24204d8
 0xb5f4f064: istate->_thread       = 0x0136b738
 0xb5f4f068: istate->_bcp          = 0xafe1b943 (bci 27)
 0xb5f4f06c: istate->_locals       = 0xb5f4f0c0
 0xb5f4f070: istate->_constants    = 0xafe1bba8
 0xb5f4f074: istate->_method       = com.feerbox.client.SaveInternetTest.testInternet1()V
 0xb5f4f078: istate->_mdx          = 0xa22dd9a8
 0xb5f4f07c: istate->_stack        = 0xb5f4f05c
 0xb5f4f080: istate->_msg          = 0x00000000
 0xb5f4f084: istate->_result       = 0x0136b738
 0xb5f4f088: (istate->_result)     = 0xb5f4f0d0
 0xb5f4f08c: (istate->_result)     = 0xafdf64a8
 0xb5f4f090: istate->_prev_link    = 0xafdf6300
 0xb5f4f094: istate->_oop_temp     = 0x00000000
 0xb5f4f098: istate->_stack_base   = 0xb5f4f064
 0xb5f4f09c: istate->_stack_limit  = 0xb5f4f054
 0xb5f4f0a0: istate->_monitor_base = 0xb5f4f064
 0xb5f4f0a4: istate->_self_link    = 0xb5f4f064
 0xb5f4f0a8: frame_type            = INTERPRETER_FRAME
 0xb5f4f0ac: next_frame            = 0xb5f4f0cc

 0xb5f4f0b0: local[4]              = 0x00000000
 0xb5f4f0b4: local[3]              = 0x00000000
 0xb5f4f0b8: local[2]              = 0x00000000
 0xb5f4f0bc: local[1]              = 0xa24204d8
 0xb5f4f0c0: local[0]              = 0xa2420050
 0xb5f4f0c4: call_wrapper          = 0xb5e847b8
 0xb5f4f0c8: frame_type            = ENTRY_FRAME
 0xb5f4f0cc: next_frame            = 0xb5f4f118

 0xb5f4f0d0: istate->_thread       = 0x0136b738
 0xb5f4f0d4: istate->_bcp          = 0x00000000
 0xb5f4f0d8: istate->_locals       = 0xb5f4f124
 0xb5f4f0dc: istate->_constants    = 0xafdf5f10
 0xb5f4f0e0: istate->_method       = sun.reflect.NativeMethodAccessorImpl.invoke0(Ljava/lang/reflect/Method;Ljava/lang/Object;[Ljava/lang/Object;)Ljava/lang/Object;
 0xb5f4f0e4: istate->_mdx          = 0xafc9aee0
 0xb5f4f0e8: istate->_stack        = 0xafc9a950
 0xb5f4f0ec: istate->_msg          = 0x00000000
 0xb5f4f0f0: istate->_result       = 0xafc3b7e0
 0xb5f4f0f4: (istate->_result)     = 0x00000000
 0xb5f4f0f8: (istate->_result)     = 0x00000000
 0xb5f4f0fc: istate->_prev_link    = 0x00000000
 0xb5f4f100: istate->_oop_temp     = 0xa6b14ca8
 0xb5f4f104: istate->_stack_base   = 0xb5f4f0d0
 0xb5f4f108: istate->_stack_limit  = 0xb5f4f0cc
 0xb5f4f10c: istate->_monitor_base = 0xb5f4f0d0
 0xb5f4f110: istate->_self_link    = 0xb5f4f0d0
 0xb5f4f114: frame_type            = INTERPRETER_FRAME
 0xb5f4f118: next_frame            = 0xb5f4f170

 0xb5f4f11c: local[2]              = 0xa2420058
 0xb5f4f120: local[1]              = 0xa2420050
 0xb5f4f124: local[0]              = 0xa2420000
 0xb5f4f128: istate->_thread       = 0x0136b738
 0xb5f4f12c: istate->_bcp          = 0xafdf5bbf (bci 87)
 0xb5f4f130: istate->_locals       = 0xb5f4f180
 0xb5f4f134: istate->_constants    = 0xafdf5f10
 0xb5f4f138: istate->_method       = sun.reflect.NativeMethodAccessorImpl.invoke(Ljava/lang/Object;[Ljava/lang/Object;)Ljava/lang/Object;
 0xb5f4f13c: istate->_mdx          = 0xb5f4f184
 0xb5f4f140: istate->_stack        = 0xb5f4f118
 0xb5f4f144: istate->_msg          = 0x00000000
 0xb5f4f148: istate->_result       = 0x00000000
 0xb5f4f14c: (istate->_result)     = 0xb5f4f128
 0xb5f4f150: (istate->_result)     = 0x00000000
 0xb5f4f154: istate->_prev_link    = 0x00000000
 0xb5f4f158: istate->_oop_temp     = 0x00000000
 0xb5f4f15c: istate->_stack_base   = 0xb5f4f128
 0xb5f4f160: istate->_stack_limit  = 0xb5f4f108
 0xb5f4f164: istate->_monitor_base = 0xb5f4f128
 0xb5f4f168: istate->_self_link    = 0xb5f4f128
 0xb5f4f16c: frame_type            = INTERPRETER_FRAME
 0xb5f4f170: next_frame            = 0xb5f4f1cc

 0xb5f4f174: local[3]              = 0x00000000
 0xb5f4f178: local[2]              = 0xa2420058
 0xb5f4f17c: local[1]              = 0xa2420050
 0xb5f4f180: local[0]              = 0xa24204f8
 0xb5f4f184: istate->_thread       = 0x0136b738
 0xb5f4f188: istate->_bcp          = 0xafdf621e (bci 6)
 0xb5f4f18c: istate->_locals       = 0xb5f4f1d8
 0xb5f4f190: istate->_constants    = 0xafdf64a8
 0xb5f4f194: istate->_method       = sun.reflect.DelegatingMethodAccessorImpl.invoke(Ljava/lang/Object;[Ljava/lang/Object;)Ljava/lang/Object;
 0xb5f4f198: istate->_mdx          = 0xafc3b690
 0xb5f4f19c: istate->_stack        = 0xb5f4f174
 0xb5f4f1a0: istate->_msg          = 0x00000000
 0xb5f4f1a4: istate->_result       = 0x00000000
 0xb5f4f1a8: (istate->_result)     = 0x00000028
 0xb5f4f1ac: (istate->_result)     = 0xb5f4f184
 0xb5f4f1b0: istate->_prev_link    = 0x00000000
 0xb5f4f1b4: istate->_oop_temp     = 0x00000000
 0xb5f4f1b8: istate->_stack_base   = 0xb5f4f184
 0xb5f4f1bc: istate->_stack_limit  = 0xb5f4f174
 0xb5f4f1c0: istate->_monitor_base = 0xb5f4f184
 0xb5f4f1c4: istate->_self_link    = 0xb5f4f184
 0xb5f4f1c8: frame_type            = INTERPRETER_FRAME
 0xb5f4f1cc: next_frame            = 0xb5f4f224

 0xb5f4f1d0: local[2]              = 0xa2420058
 0xb5f4f1d4: local[1]              = 0xa2420050
 0xb5f4f1d8: local[0]              = 0xa2420510
 0xb5f4f1dc: istate->_thread       = 0x0136b738
 0xb5f4f1e0: istate->_bcp          = 0xafc3b211 (bci 57)
 0xb5f4f1e4: istate->_locals       = 0xb5f4f234
 0xb5f4f1e8: istate->_constants    = 0xafc858b8
 0xb5f4f1ec: istate->_method       = java.lang.reflect.Method.invoke(Ljava/lang/Object;[Ljava/lang/Object;)Ljava/lang/Object;
 0xb5f4f1f0: istate->_mdx          = 0x00000276
 0xb5f4f1f4: istate->_stack        = 0xb5f4f1cc
 0xb5f4f1f8: istate->_msg          = 0x00000000
 0xb5f4f1fc: istate->_result       = 0x00000000
 0xb5f4f200: (istate->_result)     = 0xa22d8a90
 0xb5f4f204: (istate->_result)     = 0xa22dd938
 0xb5f4f208: istate->_prev_link    = 0x0136b738
 0xb5f4f20c: istate->_oop_temp     = 0x00000000
 0xb5f4f210: istate->_stack_base   = 0xb5f4f1dc
 0xb5f4f214: istate->_stack_limit  = 0xb5f4f1c4
 0xb5f4f218: istate->_monitor_base = 0xb5f4f1dc
 0xb5f4f21c: istate->_self_link    = 0xb5f4f1dc
 0xb5f4f220: frame_type            = INTERPRETER_FRAME
 0xb5f4f224: next_frame            = 0xb5f4f280

 0xb5f4f228: local[3]              = 0xa2420510
 0xb5f4f22c: local[2]              = 0xa2420058
 0xb5f4f230: local[1]              = 0xa2420050
 0xb5f4f234: local[0]              = 0xa2420000
 0xb5f4f238: istate->_thread       = 0x0136b738
 0xb5f4f23c: istate->_bcp          = 0xaff2a3bf (bci 15)
 0xb5f4f240: istate->_locals       = 0xb5f4f284
 0xb5f4f244: istate->_constants    = 0xaff2a590
 0xb5f4f248: istate->_method       = org.junit.runners.model.FrameworkMethod$1.runReflectiveCall()Ljava/lang/Object;
 0xb5f4f24c: istate->_mdx          = 0x00000002
 0xb5f4f250: istate->_stack        = 0xb5f4f228
 0xb5f4f254: istate->_msg          = 0x00000000
 0xb5f4f258: istate->_result       = 0x00000017
 0xb5f4f25c: (istate->_result)     = 0x00000000
 0xb5f4f260: (istate->_result)     = 0xb5f4f22c
 0xb5f4f264: istate->_prev_link    = 0xb5f4f224
 0xb5f4f268: istate->_oop_temp     = 0x00000000
 0xb5f4f26c: istate->_stack_base   = 0xb5f4f238
 0xb5f4f270: istate->_stack_limit  = 0xb5f4f228
 0xb5f4f274: istate->_monitor_base = 0xb5f4f238
 0xb5f4f278: istate->_self_link    = 0xb5f4f238
 0xb5f4f27c: frame_type            = INTERPRETER_FRAME
 0xb5f4f280: next_frame            = 0xb5f4f2d0

 0xb5f4f284: local[0]              = 0xa2420520
 0xb5f4f288: istate->_thread       = 0x0136b738
 0xb5f4f28c: istate->_bcp          = 0xaff29619 (bci 1)
 0xb5f4f290: istate->_locals       = 0xb5f4f2d8
 0xb5f4f294: istate->_constants    = 0xaff299b8
 0xb5f4f298: istate->_method       = org.junit.internal.runners.model.ReflectiveCallable.run()Ljava/lang/Object;
 0xb5f4f29c: istate->_mdx          = 0xb5f4f268
 0xb5f4f2a0: istate->_stack        = 0xb5f4f280
 0xb5f4f2a4: istate->_msg          = 0x00000000
 0xb5f4f2a8: istate->_result       = 0xb5f4f268
 0xb5f4f2ac: (istate->_result)     = 0x00000000
 0xb5f4f2b0: (istate->_result)     = 0xb5f4f27c
 0xb5f4f2b4: istate->_prev_link    = 0xb5f4f270
 0xb5f4f2b8: istate->_oop_temp     = 0x00000000
 0xb5f4f2bc: istate->_stack_base   = 0xb5f4f288
 0xb5f4f2c0: istate->_stack_limit  = 0xb5f4f280
 0xb5f4f2c4: istate->_monitor_base = 0xb5f4f288
 0xb5f4f2c8: istate->_self_link    = 0xb5f4f288
 0xb5f4f2cc: frame_type            = INTERPRETER_FRAME
 0xb5f4f2d0: next_frame            = 0xb5f4f324

 0xb5f4f2d4: local[1]              = 0x00000000
 0xb5f4f2d8: local[0]              = 0xa2420520
 0xb5f4f2dc: istate->_thread       = 0x0136b738
 0xb5f4f2e0: istate->_bcp          = 0xafec5d3a (bci 10)
 0xb5f4f2e4: istate->_locals       = 0xb5f4f330
 0xb5f4f2e8: istate->_constants    = 0xafecc6e8
 0xb5f4f2ec: istate->_method       = org.junit.runners.model.FrameworkMethod.invokeExplosively(Ljava/lang/Object;[Ljava/lang/Object;)Ljava/lang/Object;
 0xb5f4f2f0: istate->_mdx          = 0xafe9dee8
 0xb5f4f2f4: istate->_stack        = 0xb5f4f2d4
 0xb5f4f2f8: istate->_msg          = 0x00000000
 0xb5f4f2fc: istate->_result       = 0x00000000
 0xb5f4f300: (istate->_result)     = 0xb5f4f2cc
 0xb5f4f304: (istate->_result)     = 0xb5f4f2b0
 0xb5f4f308: istate->_prev_link    = 0x00000000
 0xb5f4f30c: istate->_oop_temp     = 0x00000000
 0xb5f4f310: istate->_stack_base   = 0xb5f4f2dc
 0xb5f4f314: istate->_stack_limit  = 0xb5f4f2c4
 0xb5f4f318: istate->_monitor_base = 0xb5f4f2dc
 0xb5f4f31c: istate->_self_link    = 0xb5f4f2dc
 0xb5f4f320: frame_type            = INTERPRETER_FRAME
 0xb5f4f324: next_frame            = 0xb5f4f37c

 0xb5f4f328: local[2]              = 0xa2420058
 0xb5f4f32c: local[1]              = 0xa2420050
 0xb5f4f330: local[0]              = 0xa2420538
 0xb5f4f334: istate->_thread       = 0x0136b738
 0xb5f4f338: istate->_bcp          = 0xafebe39c (bci 12)
 0xb5f4f33c: istate->_locals       = 0xb5f4f380
 0xb5f4f340: istate->_constants    = 0xaff29a38
 0xb5f4f344: istate->_method       = org.junit.internal.runners.statements.InvokeMethod.evaluate()V
 0xb5f4f348: istate->_mdx          = 0x00000000
 0xb5f4f34c: istate->_stack        = 0xb5f4f324
 0xb5f4f350: istate->_msg          = 0x00000000
 0xb5f4f354: istate->_result       = 0x00000000
 0xb5f4f358: (istate->_result)     = 0x00000000
 0xb5f4f35c: (istate->_result)     = 0xb5f4f328
 0xb5f4f360: istate->_prev_link    = 0xb5f4f31c
 0xb5f4f364: istate->_oop_temp     = 0x00000000
 0xb5f4f368: istate->_stack_base   = 0xb5f4f334
 0xb5f4f36c: istate->_stack_limit  = 0xb5f4f324
 0xb5f4f370: istate->_monitor_base = 0xb5f4f334
 0xb5f4f374: istate->_self_link    = 0xb5f4f334
 0xb5f4f378: frame_type            = INTERPRETER_FRAME
 0xb5f4f37c: next_frame            = 0xb5f4f3cc

 0xb5f4f380: local[0]              = 0xa2420548
 0xb5f4f384: istate->_thread       = 0x0136b738
 0xb5f4f388: istate->_bcp          = 0xafeb1f09 (bci 17)
 0xb5f4f38c: istate->_locals       = 0xb5f4f3e8
 0xb5f4f390: istate->_constants    = 0xafebc148
 0xb5f4f394: istate->_method       = org.junit.runners.ParentRunner.runLeaf(Lorg/junit/runners/model/Statement;Lorg/junit/runner/Description;Lorg/junit/runner/notification/RunNotifier;)V
 0xb5f4f398: istate->_mdx          = 0xafebe8c0
 0xb5f4f39c: istate->_stack        = 0xb5f4f37c
 0xb5f4f3a0: istate->_msg          = 0x00000000
 0xb5f4f3a4: istate->_result       = 0xb5f4f378
 0xb5f4f3a8: (istate->_result)     = 0x00000000
 0xb5f4f3ac: (istate->_result)     = 0xb5f4f38c
 0xb5f4f3b0: istate->_prev_link    = 0xb5f4f38c
 0xb5f4f3b4: istate->_oop_temp     = 0x00000000
 0xb5f4f3b8: istate->_stack_base   = 0xb5f4f384
 0xb5f4f3bc: istate->_stack_limit  = 0xb5f4f370
 0xb5f4f3c0: istate->_monitor_base = 0xb5f4f384
 0xb5f4f3c4: istate->_self_link    = 0xb5f4f384
 0xb5f4f3c8: frame_type            = INTERPRETER_FRAME
 0xb5f4f3cc: next_frame            = 0xb5f4f434

 0xb5f4f3d0: local[6]              = 0x00000000
 0xb5f4f3d4: local[5]              = 0x00000000
 0xb5f4f3d8: local[4]              = 0xa2420578
 0xb5f4f3dc: local[3]              = 0xa6b6f5f8
 0xb5f4f3e0: local[2]              = 0xa2420558
 0xb5f4f3e4: local[1]              = 0xa2420548
 0xb5f4f3e8: local[0]              = 0xa6b6f5d8
 0xb5f4f3ec: istate->_thread       = 0x0136b738
 0xb5f4f3f0: istate->_bcp          = 0xafeae9c6 (bci 30)
 0xb5f4f3f4: istate->_locals       = 0xb5f4f444
 0xb5f4f3f8: istate->_constants    = 0xafebe8c0
 0xb5f4f3fc: istate->_method       = org.junit.runners.BlockJUnit4ClassRunner.runChild(Lorg/junit/runners/model/FrameworkMethod;Lorg/junit/runner/notification/RunNotifier;)V
 0xb5f4f400: istate->_mdx          = 0xb5f4f468
 0xb5f4f404: istate->_stack        = 0xb5f4f3d8
 0xb5f4f408: istate->_msg          = 0x00000000
 0xb5f4f40c: istate->_result       = 0x0000001f
 0xb5f4f410: (istate->_result)     = 0xb5f4f3e8
 0xb5f4f414: (istate->_result)     = 0x00000000
 0xb5f4f418: istate->_prev_link    = 0x0136b738
 0xb5f4f41c: istate->_oop_temp     = 0x00000000
 0xb5f4f420: istate->_stack_base   = 0xb5f4f3ec
 0xb5f4f424: istate->_stack_limit  = 0xb5f4f3d8
 0xb5f4f428: istate->_monitor_base = 0xb5f4f3ec
 0xb5f4f42c: istate->_self_link    = 0xb5f4f3ec
 0xb5f4f430: frame_type            = INTERPRETER_FRAME
 0xb5f4f434: next_frame            = 0xb5f4f490

 0xb5f4f438: local[3]              = 0xa2420558
 0xb5f4f43c: local[2]              = 0xa6b6f5f8
 0xb5f4f440: local[1]              = 0xa2420538
 0xb5f4f444: local[0]              = 0xa6b6f5d8
 0xb5f4f448: istate->_thread       = 0x0136b738
 0xb5f4f44c: istate->_bcp          = 0xafeb04be (bci 6)
 0xb5f4f450: istate->_locals       = 0xb5f4f49c
 0xb5f4f454: istate->_constants    = 0xafebe8c0
 0xb5f4f458: istate->_method       = org.junit.runners.BlockJUnit4ClassRunner.runChild(Ljava/lang/Object;Lorg/junit/runner/notification/RunNotifier;)V
 0xb5f4f45c: istate->_mdx          = 0xa22c1200
 0xb5f4f460: istate->_stack        = 0xb5f4f438
 0xb5f4f464: istate->_msg          = 0x00000000
 0xb5f4f468: istate->_result       = 0xa22c5798
 0xb5f4f46c: (istate->_result)     = 0x0136b738
 0xb5f4f470: (istate->_result)     = 0xafd8341c
 0xb5f4f474: istate->_prev_link    = 0xb5f4f4c8
 0xb5f4f478: istate->_oop_temp     = 0x00000000
 0xb5f4f47c: istate->_stack_base   = 0xb5f4f448
 0xb5f4f480: istate->_stack_limit  = 0xb5f4f438
 0xb5f4f484: istate->_monitor_base = 0xb5f4f448
 0xb5f4f488: istate->_self_link    = 0xb5f4f448
 0xb5f4f48c: frame_type            = INTERPRETER_FRAME
 0xb5f4f490: next_frame            = 0xb5f4f4e8

 0xb5f4f494: local[2]              = 0xa6b6f5f8
 0xb5f4f498: local[1]              = 0xa2420538
 0xb5f4f49c: local[0]              = 0xa6b6f5d8
 0xb5f4f4a0: istate->_thread       = 0x0136b738
 0xb5f4f4a4: istate->_bcp          = 0xaff28f8c (bci 12)
 0xb5f4f4a8: istate->_locals       = 0xb5f4f4ec
 0xb5f4f4ac: istate->_constants    = 0xaff29160
 0xb5f4f4b0: istate->_method       = org.junit.runners.ParentRunner$3.run()V
 0xb5f4f4b4: istate->_mdx          = 0xb5f4f514
 0xb5f4f4b8: istate->_stack        = 0xb5f4f490
 0xb5f4f4bc: istate->_msg          = 0x00000000
 0xb5f4f4c0: istate->_result       = 0x00000000
 0xb5f4f4c4: (istate->_result)     = 0xb5f4f490
 0xb5f4f4c8: (istate->_result)     = 0xb5f4f484
 0xb5f4f4cc: istate->_prev_link    = 0xb5f4f490
 0xb5f4f4d0: istate->_oop_temp     = 0x00000000
 0xb5f4f4d4: istate->_stack_base   = 0xb5f4f4a0
 0xb5f4f4d8: istate->_stack_limit  = 0xb5f4f490
 0xb5f4f4dc: istate->_monitor_base = 0xb5f4f4a0
 0xb5f4f4e0: istate->_self_link    = 0xb5f4f4a0
 0xb5f4f4e4: frame_type            = INTERPRETER_FRAME
 0xb5f4f4e8: next_frame            = 0xb5f4f538

 0xb5f4f4ec: local[0]              = 0xa2420588
 0xb5f4f4f0: istate->_thread       = 0x0136b738
 0xb5f4f4f4: istate->_bcp          = 0xafec27d1 (bci 1)
 0xb5f4f4f8: istate->_locals       = 0xb5f4f540
 0xb5f4f4fc: istate->_constants    = 0xafec2a60
 0xb5f4f500: istate->_method       = org.junit.runners.ParentRunner$1.schedule(Ljava/lang/Runnable;)V
 0xb5f4f504: istate->_mdx          = 0xb5f4f4bc
 0xb5f4f508: istate->_stack        = 0xb5f4f4e8
 0xb5f4f50c: istate->_msg          = 0x00000000
 0xb5f4f510: istate->_result       = 0x00000000
 0xb5f4f514: (istate->_result)     = 0xb5f4f4e0
 0xb5f4f518: (istate->_result)     = 0xb5f4f4d4
 0xb5f4f51c: istate->_prev_link    = 0xb5f4f4e0
 0xb5f4f520: istate->_oop_temp     = 0x00000000
 0xb5f4f524: istate->_stack_base   = 0xb5f4f4f0
 0xb5f4f528: istate->_stack_limit  = 0xb5f4f4e8
 0xb5f4f52c: istate->_monitor_base = 0xb5f4f4f0
 0xb5f4f530: istate->_self_link    = 0xb5f4f4f0
 0xb5f4f534: frame_type            = INTERPRETER_FRAME
 0xb5f4f538: next_frame            = 0xb5f4f58c

 0xb5f4f53c: local[1]              = 0xa2420588
 0xb5f4f540: local[0]              = 0xa6b6f608
 0xb5f4f544: istate->_thread       = 0x0136b738
 0xb5f4f548: istate->_bcp          = 0xafeb1cc4 (bci 44)
 0xb5f4f54c: istate->_locals       = 0xb5f4f5a4
 0xb5f4f550: istate->_constants    = 0xafebc148
 0xb5f4f554: istate->_method       = org.junit.runners.ParentRunner.runChildren(Lorg/junit/runner/notification/RunNotifier;)V
 0xb5f4f558: istate->_mdx          = 0xafcba368
 0xb5f4f55c: istate->_stack        = 0xb5f4f538
 0xb5f4f560: istate->_msg          = 0x00000000
 0xb5f4f564: istate->_result       = 0x00000000
 0xb5f4f568: (istate->_result)     = 0x00000000
 0xb5f4f56c: (istate->_result)     = 0x00000000
 0xb5f4f570: istate->_prev_link    = 0xb5f4f53c
 0xb5f4f574: istate->_oop_temp     = 0x00000000
 0xb5f4f578: istate->_stack_base   = 0xb5f4f544
 0xb5f4f57c: istate->_stack_limit  = 0xb5f4f528
 0xb5f4f580: istate->_monitor_base = 0xb5f4f544
 0xb5f4f584: istate->_self_link    = 0xb5f4f544
 0xb5f4f588: frame_type            = INTERPRETER_FRAME
 0xb5f4f58c: next_frame            = 0xb5f4f5f0

 0xb5f4f590: local[5]              = 0x00000000
 0xb5f4f594: local[4]              = 0xa2420538
 0xb5f4f598: local[3]              = 0xa24205a0
 0xb5f4f59c: local[2]              = 0xa6b6f608
 0xb5f4f5a0: local[1]              = 0xa6b6f5f8
 0xb5f4f5a4: local[0]              = 0xa6b6f5d8
 0xb5f4f5a8: istate->_thread       = 0x0136b738
 0xb5f4f5ac: istate->_bcp          = 0xafeb29a2 (bci 2)
 0xb5f4f5b0: istate->_locals       = 0xb5f4f5f8
 0xb5f4f5b4: istate->_constants    = 0xafebc148
 0xb5f4f5b8: istate->_method       = org.junit.runners.ParentRunner.access$000(Lorg/junit/runners/ParentRunner;Lorg/junit/runner/notification/RunNotifier;)V
 0xb5f4f5bc: istate->_mdx          = 0x00000000
 0xb5f4f5c0: istate->_stack        = 0xb5f4f59c
 0xb5f4f5c4: istate->_msg          = 0x00000000
 0xb5f4f5c8: istate->_result       = 0xb5f4f594
 0xb5f4f5cc: (istate->_result)     = 0x00000000
 0xb5f4f5d0: (istate->_result)     = 0xb5f4f59c
 0xb5f4f5d4: istate->_prev_link    = 0xb5f4f584
 0xb5f4f5d8: istate->_oop_temp     = 0x00000000
 0xb5f4f5dc: istate->_stack_base   = 0xb5f4f5a8
 0xb5f4f5e0: istate->_stack_limit  = 0xb5f4f59c
 0xb5f4f5e4: istate->_monitor_base = 0xb5f4f5a8
 0xb5f4f5e8: istate->_self_link    = 0xb5f4f5a8
 0xb5f4f5ec: frame_type            = INTERPRETER_FRAME
 0xb5f4f5f0: next_frame            = 0xb5f4f644

 0xb5f4f5f4: local[1]              = 0xa6b6f5f8
 0xb5f4f5f8: local[0]              = 0xa6b6f5d8
 0xb5f4f5fc: istate->_thread       = 0x0136b738
 0xb5f4f600: istate->_bcp          = 0xafebaee0 (bci 8)
 0xb5f4f604: istate->_locals       = 0xb5f4f648
 0xb5f4f608: istate->_constants    = 0xaff28aa0
 0xb5f4f60c: istate->_method       = org.junit.runners.ParentRunner$2.evaluate()V
 0xb5f4f610: istate->_mdx          = 0x00000000
 0xb5f4f614: istate->_stack        = 0xb5f4f5f0
 0xb5f4f618: istate->_msg          = 0x00000000
 0xb5f4f61c: istate->_result       = 0xb5f4f5d4
 0xb5f4f620: (istate->_result)     = 0x00000000
 0xb5f4f624: (istate->_result)     = 0x00000000
 0xb5f4f628: istate->_prev_link    = 0xb5f4f5f4
 0xb5f4f62c: istate->_oop_temp     = 0x00000000
 0xb5f4f630: istate->_stack_base   = 0xb5f4f5fc
 0xb5f4f634: istate->_stack_limit  = 0xb5f4f5f0
 0xb5f4f638: istate->_monitor_base = 0xb5f4f5fc
 0xb5f4f63c: istate->_self_link    = 0xb5f4f5fc
 0xb5f4f640: frame_type            = INTERPRETER_FRAME
 0xb5f4f644: next_frame            = 0xb5f4f694

 0xb5f4f648: local[0]              = 0xa24205b0
 0xb5f4f64c: istate->_thread       = 0x0136b738
 0xb5f4f650: istate->_bcp          = 0xafeb220c (bci 20)
 0xb5f4f654: istate->_locals       = 0xb5f4f6a4
 0xb5f4f658: istate->_constants    = 0xafebc148
 0xb5f4f65c: istate->_method       = org.junit.runners.ParentRunner.run(Lorg/junit/runner/notification/RunNotifier;)V
 0xb5f4f660: istate->_mdx          = 0xb5f4f624
 0xb5f4f664: istate->_stack        = 0xb5f4f644
 0xb5f4f668: istate->_msg          = 0x00000000
 0xb5f4f66c: istate->_result       = 0xb5f4f698
 0xb5f4f670: (istate->_result)     = 0x00000000
 0xb5f4f674: (istate->_result)     = 0x00000000
 0xb5f4f678: istate->_prev_link    = 0x00000000
 0xb5f4f67c: istate->_oop_temp     = 0x00000000
 0xb5f4f680: istate->_stack_base   = 0xb5f4f64c
 0xb5f4f684: istate->_stack_limit  = 0xb5f4f638
 0xb5f4f688: istate->_monitor_base = 0xb5f4f64c
 0xb5f4f68c: istate->_self_link    = 0xb5f4f64c
 0xb5f4f690: frame_type            = INTERPRETER_FRAME
 0xb5f4f694: next_frame            = 0xb5f4f6f0

 0xb5f4f698: local[3]              = 0xa24205b0
 0xb5f4f69c: local[2]              = 0xa24205c0
 0xb5f4f6a0: local[1]              = 0xa6b6f5f8
 0xb5f4f6a4: local[0]              = 0xa6b6f5d8
 0xb5f4f6a8: istate->_thread       = 0x0136b738
 0xb5f4f6ac: istate->_bcp          = 0xafea5027 (bci 79)
 0xb5f4f6b0: istate->_locals       = 0xb5f4f70c
 0xb5f4f6b4: istate->_constants    = 0xafea5230
 0xb5f4f6b8: istate->_method       = org.apache.maven.surefire.junit4.JUnit4TestSet.execute(Ljava/lang/Class;Lorg/junit/runner/notification/RunNotifier;Ljava/lang/String;)V
 0xb5f4f6bc: istate->_mdx          = 0xb5f4f67c
 0xb5f4f6c0: istate->_stack        = 0xb5f4f69c
 0xb5f4f6c4: istate->_msg          = 0x00000000
 0xb5f4f6c8: istate->_result       = 0x00000000
 0xb5f4f6cc: (istate->_result)     = 0x00000000
 0xb5f4f6d0: (istate->_result)     = 0xa22a77a8
 0xb5f4f6d4: istate->_prev_link    = 0xa22a1790
 0xb5f4f6d8: istate->_oop_temp     = 0x00000000
 0xb5f4f6dc: istate->_stack_base   = 0xb5f4f6a8
 0xb5f4f6e0: istate->_stack_limit  = 0xb5f4f698
 0xb5f4f6e4: istate->_monitor_base = 0xb5f4f6a8
 0xb5f4f6e8: istate->_self_link    = 0xb5f4f6a8
 0xb5f4f6ec: frame_type            = INTERPRETER_FRAME
 0xb5f4f6f0: next_frame            = 0xb5f4f758

 0xb5f4f6f4: local[6]              = 0x00000000
 0xb5f4f6f8: local[5]              = 0x00000000
 0xb5f4f6fc: local[4]              = 0x00000000
 0xb5f4f700: local[3]              = 0xa6b6f5d8
 0xb5f4f704: local[2]              = 0x00000000
 0xb5f4f708: local[1]              = 0xa6b6f5f8
 0xb5f4f70c: local[0]              = 0xa6b14c38
 0xb5f4f710: istate->_thread       = 0x0136b738
 0xb5f4f714: istate->_bcp          = 0xafe0940a (bci 34)
 0xb5f4f718: istate->_locals       = 0xb5f4f774
 0xb5f4f71c: istate->_constants    = 0xafe0be98
 0xb5f4f720: istate->_method       = org.apache.maven.surefire.junit4.JUnit4Provider.executeTestSet(Ljava/lang/Class;Lorg/apache/maven/surefire/report/RunListener;Lorg/junit/runner/notification/RunNotifier;)V
 0xb5f4f724: istate->_mdx          = 0xa229ba68
 0xb5f4f728: istate->_stack        = 0xb5f4f700
 0xb5f4f72c: istate->_msg          = 0x00000000
 0xb5f4f730: istate->_result       = 0xb5f4f774
 0xb5f4f734: (istate->_result)     = 0xafe4a810
 0xb5f4f738: (istate->_result)     = 0xafe4a5d8
 0xb5f4f73c: istate->_prev_link    = 0x00000000
 0xb5f4f740: istate->_oop_temp     = 0x00000000
 0xb5f4f744: istate->_stack_base   = 0xb5f4f710
 0xb5f4f748: istate->_stack_limit  = 0xb5f4f6e4
 0xb5f4f74c: istate->_monitor_base = 0xb5f4f710
 0xb5f4f750: istate->_self_link    = 0xb5f4f710
 0xb5f4f754: frame_type            = INTERPRETER_FRAME
 0xb5f4f758: next_frame            = 0xb5f4f7c0

 0xb5f4f75c: local[6]              = 0x00000000
 0xb5f4f760: local[5]              = 0x00000000
 0xb5f4f764: local[4]              = 0xa6b6f638
 0xb5f4f768: local[3]              = 0xa6b6f5f8
 0xb5f4f76c: local[2]              = 0xa6b6f618
 0xb5f4f770: local[1]              = 0xa6b14c38
 0xb5f4f774: local[0]              = 0xa6b14aa8
 0xb5f4f778: istate->_thread       = 0x0136b738
 0xb5f4f77c: istate->_bcp          = 0xafe092a5 (bci 133)
 0xb5f4f780: istate->_locals       = 0xb5f4f7ec
 0xb5f4f784: istate->_constants    = 0xafe0be98
 0xb5f4f788: istate->_method       = org.apache.maven.surefire.junit4.JUnit4Provider.invoke(Ljava/lang/Object;)Lorg/apache/maven/surefire/suite/RunResult;
 0xb5f4f78c: istate->_mdx          = 0xa23bda30
 0xb5f4f790: istate->_stack        = 0xb5f4f764
 0xb5f4f794: istate->_msg          = 0x00000000
 0xb5f4f798: istate->_result       = 0xb5f4f758
 0xb5f4f79c: (istate->_result)     = 0xb5f4f760
 0xb5f4f7a0: (istate->_result)     = 0xb5f4f760
 0xb5f4f7a4: istate->_prev_link    = 0xa23bda90
 0xb5f4f7a8: istate->_oop_temp     = 0x00000000
 0xb5f4f7ac: istate->_stack_base   = 0xb5f4f778
 0xb5f4f7b0: istate->_stack_limit  = 0xb5f4f764
 0xb5f4f7b4: istate->_monitor_base = 0xb5f4f778
 0xb5f4f7b8: istate->_self_link    = 0xb5f4f778
 0xb5f4f7bc: frame_type            = INTERPRETER_FRAME
 0xb5f4f7c0: next_frame            = 0xb5f4f7f8

 0xb5f4f7c4: local[10]             = 0xa6b14c38
 0xb5f4f7c8: local[9]              = 0x00000000
 0xb5f4f7cc: local[8]              = 0x00000003
 0xb5f4f7d0: local[7]              = 0xa6b6f680
 0xb5f4f7d4: local[6]              = 0xa6b6f5f8
 0xb5f4f7d8: local[5]              = 0xa6b6f660
 0xb5f4f7dc: local[4]              = 0xa6b6f650
 0xb5f4f7e0: local[3]              = 0xa6b6f618
 0xb5f4f7e4: local[2]              = 0xa6b14c90
 0xb5f4f7e8: local[1]              = 0x00000000
 0xb5f4f7ec: local[0]              = 0xa6b14aa8
 0xb5f4f7f0: call_wrapper          = 0xb5e84b20
 0xb5f4f7f4: frame_type            = ENTRY_FRAME
 0xb5f4f7f8: next_frame            = 0xb5f4f844

 0xb5f4f7fc: istate->_thread       = 0x0136b738
 0xb5f4f800: istate->_bcp          = 0x00000000
 0xb5f4f804: istate->_locals       = 0xb5f4f850
 0xb5f4f808: istate->_constants    = 0xafdf5f10
 0xb5f4f80c: istate->_method       = sun.reflect.NativeMethodAccessorImpl.invoke0(Ljava/lang/reflect/Method;Ljava/lang/Object;[Ljava/lang/Object;)Ljava/lang/Object;
 0xb5f4f810: istate->_mdx          = 0xafc9aee0
 0xb5f4f814: istate->_stack        = 0xafc9a950
 0xb5f4f818: istate->_msg          = 0x00000000
 0xb5f4f81c: istate->_result       = 0xafc3b7e0
 0xb5f4f820: (istate->_result)     = 0x00000000
 0xb5f4f824: (istate->_result)     = 0xb5f4f7e4
 0xb5f4f828: istate->_prev_link    = 0x00000000
 0xb5f4f82c: istate->_oop_temp     = 0xa6b14ca8
 0xb5f4f830: istate->_stack_base   = 0xb5f4f7fc
 0xb5f4f834: istate->_stack_limit  = 0xb5f4f7f8
 0xb5f4f838: istate->_monitor_base = 0xb5f4f7fc
 0xb5f4f83c: istate->_self_link    = 0xb5f4f7fc
 0xb5f4f840: frame_type            = INTERPRETER_FRAME
 0xb5f4f844: next_frame            = 0xb5f4f89c

 0xb5f4f848: local[2]              = 0xa6b14ad0
 0xb5f4f84c: local[1]              = 0xa6b14aa8
 0xb5f4f850: local[0]              = 0xa6b14a58
 0xb5f4f854: istate->_thread       = 0x0136b738
 0xb5f4f858: istate->_bcp          = 0xafdf5bbf (bci 87)
 0xb5f4f85c: istate->_locals       = 0xb5f4f8ac
 0xb5f4f860: istate->_constants    = 0xafdf5f10
 0xb5f4f864: istate->_method       = sun.reflect.NativeMethodAccessorImpl.invoke(Ljava/lang/Object;[Ljava/lang/Object;)Ljava/lang/Object;
 0xb5f4f868: istate->_mdx          = 0xb5f4f8b0
 0xb5f4f86c: istate->_stack        = 0xb5f4f844
 0xb5f4f870: istate->_msg          = 0x00000000
 0xb5f4f874: istate->_result       = 0x00000000
 0xb5f4f878: (istate->_result)     = 0xb5f4f854
 0xb5f4f87c: (istate->_result)     = 0x00000000
 0xb5f4f880: istate->_prev_link    = 0x00000000
 0xb5f4f884: istate->_oop_temp     = 0x00000000
 0xb5f4f888: istate->_stack_base   = 0xb5f4f854
 0xb5f4f88c: istate->_stack_limit  = 0xb5f4f834
 0xb5f4f890: istate->_monitor_base = 0xb5f4f854
 0xb5f4f894: istate->_self_link    = 0xb5f4f854
 0xb5f4f898: frame_type            = INTERPRETER_FRAME
 0xb5f4f89c: next_frame            = 0xb5f4f8f8

 0xb5f4f8a0: local[3]              = 0x00000000
 0xb5f4f8a4: local[2]              = 0xa6b14ad0
 0xb5f4f8a8: local[1]              = 0xa6b14aa8
 0xb5f4f8ac: local[0]              = 0xa6b14d00
 0xb5f4f8b0: istate->_thread       = 0x0136b738
 0xb5f4f8b4: istate->_bcp          = 0xafdf621e (bci 6)
 0xb5f4f8b8: istate->_locals       = 0xb5f4f904
 0xb5f4f8bc: istate->_constants    = 0xafdf64a8
 0xb5f4f8c0: istate->_method       = sun.reflect.DelegatingMethodAccessorImpl.invoke(Ljava/lang/Object;[Ljava/lang/Object;)Ljava/lang/Object;
 0xb5f4f8c4: istate->_mdx          = 0xafc3b690
 0xb5f4f8c8: istate->_stack        = 0xb5f4f8a0
 0xb5f4f8cc: istate->_msg          = 0x00000000
 0xb5f4f8d0: istate->_result       = 0x00000000
 0xb5f4f8d4: (istate->_result)     = 0xb5f4f8a0
 0xb5f4f8d8: (istate->_result)     = 0xb5f4f890
 0xb5f4f8dc: istate->_prev_link    = 0xb5f4f8a0
 0xb5f4f8e0: istate->_oop_temp     = 0x00000000
 0xb5f4f8e4: istate->_stack_base   = 0xb5f4f8b0
 0xb5f4f8e8: istate->_stack_limit  = 0xb5f4f8a0
 0xb5f4f8ec: istate->_monitor_base = 0xb5f4f8b0
 0xb5f4f8f0: istate->_self_link    = 0xb5f4f8b0
 0xb5f4f8f4: frame_type            = INTERPRETER_FRAME
 0xb5f4f8f8: next_frame            = 0xb5f4f950

 0xb5f4f8fc: local[2]              = 0xa6b14ad0
 0xb5f4f900: local[1]              = 0xa6b14aa8
 0xb5f4f904: local[0]              = 0xa6b14d18
 0xb5f4f908: istate->_thread       = 0x0136b738
 0xb5f4f90c: istate->_bcp          = 0xafc3b211 (bci 57)
 0xb5f4f910: istate->_locals       = 0xb5f4f960
 0xb5f4f914: istate->_constants    = 0xafc858b8
 0xb5f4f918: istate->_method       = java.lang.reflect.Method.invoke(Ljava/lang/Object;[Ljava/lang/Object;)Ljava/lang/Object;
 0xb5f4f91c: istate->_mdx          = 0xb5f4f978
 0xb5f4f920: istate->_stack        = 0xb5f4f8f8
 0xb5f4f924: istate->_msg          = 0x00000000
 0xb5f4f928: istate->_result       = 0xa225d9f8
 0xb5f4f92c: (istate->_result)     = 0x00000000
 0xb5f4f930: (istate->_result)     = 0x0136b738
 0xb5f4f934: istate->_prev_link    = 0xafc13d5b
 0xb5f4f938: istate->_oop_temp     = 0x00000000
 0xb5f4f93c: istate->_stack_base   = 0xb5f4f908
 0xb5f4f940: istate->_stack_limit  = 0xb5f4f8f0
 0xb5f4f944: istate->_monitor_base = 0xb5f4f908
 0xb5f4f948: istate->_self_link    = 0xb5f4f908
 0xb5f4f94c: frame_type            = INTERPRETER_FRAME
 0xb5f4f950: next_frame            = 0xb5f4f9ac

 0xb5f4f954: local[3]              = 0xa6b14d18
 0xb5f4f958: local[2]              = 0xa6b14ad0
 0xb5f4f95c: local[1]              = 0xa6b14aa8
 0xb5f4f960: local[0]              = 0xa6b14a58
 0xb5f4f964: istate->_thread       = 0x0136b738
 0xb5f4f968: istate->_bcp          = 0xafe04e1b (bci 3)
 0xb5f4f96c: istate->_locals       = 0xb5f4f9bc
 0xb5f4f970: istate->_constants    = 0xafe05710
 0xb5f4f974: istate->_method       = org.apache.maven.surefire.util.ReflectionUtils.invokeMethodWithArray(Ljava/lang/Object;Ljava/lang/reflect/Method;[Ljava/lang/Object;)Ljava/lang/Object;
 0xb5f4f978: istate->_mdx          = 0xb5f4f9a4
 0xb5f4f97c: istate->_stack        = 0xb5f4f954
 0xb5f4f980: istate->_msg          = 0x00000000
 0xb5f4f984: istate->_result       = 0x00000000
 0xb5f4f988: (istate->_result)     = 0x00000000
 0xb5f4f98c: (istate->_result)     = 0x00000000
 0xb5f4f990: istate->_prev_link    = 0xa225d9f8
 0xb5f4f994: istate->_oop_temp     = 0x00000000
 0xb5f4f998: istate->_stack_base   = 0xb5f4f964
 0xb5f4f99c: istate->_stack_limit  = 0xb5f4f954
 0xb5f4f9a0: istate->_monitor_base = 0xb5f4f964
 0xb5f4f9a4: istate->_self_link    = 0xb5f4f964
 0xb5f4f9a8: frame_type            = INTERPRETER_FRAME
 0xb5f4f9ac: next_frame            = 0xb5f4fa08

 0xb5f4f9b0: local[3]              = 0x00000000
 0xb5f4f9b4: local[2]              = 0xa6b14ad0
 0xb5f4f9b8: local[1]              = 0xa6b14a58
 0xb5f4f9bc: local[0]              = 0xa6b14aa8
 0xb5f4f9c0: istate->_thread       = 0x0136b738
 0xb5f4f9c4: istate->_bcp          = 0xafe14f3d (bci 29)
 0xb5f4f9c8: istate->_locals       = 0xb5f4fa18
 0xb5f4f9cc: istate->_constants    = 0xafe152e0
 0xb5f4f9d0: istate->_method       = org.apache.maven.surefire.booter.ProviderFactory$ProviderProxy.invoke(Ljava/lang/Object;)Lorg/apache/maven/surefire/suite/RunResult;
 0xb5f4f9d4: istate->_mdx          = 0xb5f4f9a4
 0xb5f4f9d8: istate->_stack        = 0xb5f4f9b0
 0xb5f4f9dc: istate->_msg          = 0x00000000
 0xb5f4f9e0: istate->_result       = 0xb5f4f990
 0xb5f4f9e4: (istate->_result)     = 0x00000000
 0xb5f4f9e8: (istate->_result)     = 0xb5f4f9b4
 0xb5f4f9ec: istate->_prev_link    = 0x00000000
 0xb5f4f9f0: istate->_oop_temp     = 0x00000000
 0xb5f4f9f4: istate->_stack_base   = 0xb5f4f9c0
 0xb5f4f9f8: istate->_stack_limit  = 0xb5f4f9a4
 0xb5f4f9fc: istate->_monitor_base = 0xb5f4f9c0
 0xb5f4fa00: istate->_self_link    = 0xb5f4f9c0
 0xb5f4fa04: frame_type            = INTERPRETER_FRAME
 0xb5f4fa08: next_frame            = 0xb5f4fa64

 0xb5f4fa0c: local[3]              = 0x00000000
 0xb5f4fa10: local[2]              = 0xa6b14a58
 0xb5f4fa14: local[1]              = 0x00000000
 0xb5f4fa18: local[0]              = 0xa6b14d28
 0xb5f4fa1c: istate->_thread       = 0x0136b738
 0xb5f4fa20: istate->_bcp          = 0xafdf3dd1 (bci 41)
 0xb5f4fa24: istate->_locals       = 0xb5f4fa90
 0xb5f4fa28: istate->_constants    = 0xafdf4830
 0xb5f4fa2c: istate->_method       = org.apache.maven.surefire.booter.SurefireStarter.invokeProvider(Ljava/lang/Object;Ljava/lang/ClassLoader;Ljava/lang/ClassLoader;Ljava/lang/Object;)Lorg/apache/maven/surefire/suite/RunResult;
 0xb5f4fa30: istate->_mdx          = 0xa2228370
 0xb5f4fa34: istate->_stack        = 0xb5f4fa10
 0xb5f4fa38: istate->_msg          = 0x00000000
 0xb5f4fa3c: istate->_result       = 0xafdf3899
 0xb5f4fa40: (istate->_result)     = 0xb5f4fa90
 0xb5f4fa44: (istate->_result)     = 0xafdf4830
 0xb5f4fa48: istate->_prev_link    = 0xafdf38d8
 0xb5f4fa4c: istate->_oop_temp     = 0x00000000
 0xb5f4fa50: istate->_stack_base   = 0xb5f4fa1c
 0xb5f4fa54: istate->_stack_limit  = 0xb5f4f9fc
 0xb5f4fa58: istate->_monitor_base = 0xb5f4fa1c
 0xb5f4fa5c: istate->_self_link    = 0xb5f4fa1c
 0xb5f4fa60: frame_type            = INTERPRETER_FRAME
 0xb5f4fa64: next_frame            = 0xb5f4fadc

 0xb5f4fa68: local[10]             = 0x00000000
 0xb5f4fa6c: local[9]              = 0x00000000
 0xb5f4fa70: local[8]              = 0xa6b14d28
 0xb5f4fa74: local[7]              = 0xa6b14de8
 0xb5f4fa78: local[6]              = 0xa6b14dc8
 0xb5f4fa7c: local[5]              = 0xa6b14da8
 0xb5f4fa80: local[4]              = 0xa6b14c90
 0xb5f4fa84: local[3]              = 0xa6b14d50
 0xb5f4fa88: local[2]              = 0xa6b14af0
 0xb5f4fa8c: local[1]              = 0x00000000
 0xb5f4fa90: local[0]              = 0xa6b14d38
 0xb5f4fa94: istate->_thread       = 0x0136b738
 0xb5f4fa98: istate->_bcp          = 0xafdf3979 (bci 33)
 0xb5f4fa9c: istate->_locals       = 0xb5f4faf0
 0xb5f4faa0: istate->_constants    = 0xafdf4830
 0xb5f4faa4: istate->_method       = org.apache.maven.surefire.booter.SurefireStarter.runSuitesInProcessWhenForked()Lorg/apache/maven/surefire/suite/RunResult;
 0xb5f4faa8: istate->_mdx          = 0xb5f4fa68
 0xb5f4faac: istate->_stack        = 0xb5f4fa7c
 0xb5f4fab0: istate->_msg          = 0x00000000
 0xb5f4fab4: istate->_result       = 0x00000000
 0xb5f4fab8: (istate->_result)     = 0x00000000
 0xb5f4fabc: (istate->_result)     = 0x00000000
 0xb5f4fac0: istate->_prev_link    = 0x00000000
 0xb5f4fac4: istate->_oop_temp     = 0x00000000
 0xb5f4fac8: istate->_stack_base   = 0xb5f4fa94
 0xb5f4facc: istate->_stack_limit  = 0xb5f4fa7c
 0xb5f4fad0: istate->_monitor_base = 0xb5f4fa94
 0xb5f4fad4: istate->_self_link    = 0xb5f4fa94
 0xb5f4fad8: frame_type            = INTERPRETER_FRAME
 0xb5f4fadc: next_frame            = 0xb5f4fb3c

 0xb5f4fae0: local[4]              = 0xa6b14c90
 0xb5f4fae4: local[3]              = 0xa6b14e08
 0xb5f4fae8: local[2]              = 0xa6b14d50
 0xb5f4faec: local[1]              = 0xa6b14af0
 0xb5f4faf0: local[0]              = 0xa6b14d38
 0xb5f4faf4: istate->_thread       = 0x0136b738
 0xb5f4faf8: istate->_bcp          = 0xafde2e55 (bci 109)
 0xb5f4fafc: istate->_locals       = 0xb5f4fb60
 0xb5f4fb00: istate->_constants    = 0xafde30a0
 0xb5f4fb04: istate->_method       = org.apache.maven.surefire.booter.ForkedBooter.main([Ljava/lang/String;)V
 0xb5f4fb08: istate->_mdx          = 0xb5f4fac8
 0xb5f4fb0c: istate->_stack        = 0xb5f4faec
 0xb5f4fb10: istate->_msg          = 0x00000000
 0xb5f4fb14: istate->_result       = 0xa225ee40
 0xb5f4fb18: (istate->_result)     = 0xa2221128
 0xb5f4fb1c: (istate->_result)     = 0xa225ede0
 0xb5f4fb20: istate->_prev_link    = 0xa225ee40
 0xb5f4fb24: istate->_oop_temp     = 0x00000000
 0xb5f4fb28: istate->_stack_base   = 0xb5f4faf4
 0xb5f4fb2c: istate->_stack_limit  = 0xb5f4fadc
 0xb5f4fb30: istate->_monitor_base = 0xb5f4faf4
 0xb5f4fb34: istate->_self_link    = 0xb5f4faf4
 0xb5f4fb38: frame_type            = INTERPRETER_FRAME
 0xb5f4fb3c: next_frame            = 0xb5f4fb6c

 0xb5f4fb40: local[8]              = 0x00000000
 0xb5f4fb44: local[7]              = 0x00000000
 0xb5f4fb48: local[6]              = 0xa6b14d38
 0xb5f4fb4c: local[5]              = 0xa6b14ed8
 0xb5f4fb50: local[4]              = 0xa6b14eb0
 0xb5f4fb54: local[3]              = 0xa6b14ea0
 0xb5f4fb58: local[2]              = 0xa6b14e80
 0xb5f4fb5c: local[1]              = 0xa6b14e68
 0xb5f4fb60: local[0]              = 0xa6b14e50
 0xb5f4fb64: call_wrapper          = 0xb5f4fbe8
 0xb5f4fb68: frame_type            = ENTRY_FRAME
 0xb5f4fb6c: next_frame            = 0x00000000


---------------  P R O C E S S  ---------------

Java Threads: ( => current thread )
  0x015734e8 JavaThread "process reaper" daemon [_thread_blocked, id=2727, stack(0xa129e000,0xa12b6000)]
  0x013e12b8 JavaThread "Service Thread" daemon [_thread_blocked, id=2724, stack(0xa16a5000,0xa1845000)]
  0x013df888 JavaThread "Signal Dispatcher" daemon [_thread_blocked, id=2723, stack(0xa1845000,0xa19e5000)]
  0x013c92e8 JavaThread "Finalizer" daemon [_thread_blocked, id=2722, stack(0xa1b5c000,0xa1cfc000)]
  0x013c7e68 JavaThread "Reference Handler" daemon [_thread_blocked, id=2721, stack(0xa1cfc000,0xa1e9c000)]
=>0x0136b738 JavaThread "main" [_thread_in_native, id=2719, stack(0xb5db2000,0xb5f51000)]

Other Threads:
  0x013c5488 VMThread [stack: 0xa1e9d000,0xa1f1c000] [id=2720]
  0x013e2ff0 WatcherThread [stack: 0xa1626000,0xa16a5000] [id=2725]

VM state:not at safepoint (normal execution)

VM Mutex/Monitor currently owned by a thread: None

Heap
 def new generation   total 2176K, used 949K [0xa2200000, 0xa2440000, 0xa6aa0000)
  eden space 2048K,  40% used [0xa2200000, 0xa22cd540, 0xa2400000)
  from space 128K, 100% used [0xa2420000, 0xa2440000, 0xa2440000)
  to   space 128K,   0% used [0xa2400000, 0xa2400000, 0xa2420000)
 tenured generation   total 4736K, used 1207K [0xa6aa0000, 0xa6f40000, 0xafc00000)
   the space 4736K,  25% used [0xa6aa0000, 0xa6bcdd10, 0xa6bcde00, 0xa6f40000)
 compacting perm gen  total 4608K, used 4363K [0xafc00000, 0xb0080000, 0xb3c00000)
   the space 4608K,  94% used [0xafc00000, 0xb0042f38, 0xb0043000, 0xb0080000)
No shared spaces configured.

Card table byte_map: [0xa2172000,0xa2200000] byte_map_base: 0xa1c61000

Polling page: 0xb6f26000

Code Cache  [0xb3d00000, 0xb3d28000, 0xb5d00000)
 total_blobs=95 nmethods=0 adapters=88 free_code_cache=32697Kb largest_free_block=33481792

Compilation events (0 events):
No events

GC Heap History (6 events):
Event: 5.159 GC heap before
{Heap before GC invocations=0 (full 0):
 def new generation   total 2176K, used 2047K [0xa2200000, 0xa2440000, 0xa6aa0000)
  eden space 2048K,  99% used [0xa2200000, 0xa23ffff8, 0xa2400000)
  from space 128K,   0% used [0xa2400000, 0xa2400000, 0xa2420000)
  to   space 128K,   0% used [0xa2420000, 0xa2420000, 0xa2440000)
 tenured generation   total 4736K, used 0K [0xa6aa0000, 0xa6f40000, 0xafc00000)
   the space 4736K,   0% used [0xa6aa0000, 0xa6aa0000, 0xa6aa0200, 0xa6f40000)
 compacting perm gen  total 4096K, used 2333K [0xafc00000, 0xb0000000, 0xb3c00000)
   the space 4096K,  56% used [0xafc00000, 0xafe47418, 0xafe47600, 0xb0000000)
No shared spaces configured.
Event: 5.251 GC heap after
Heap after GC invocations=1 (full 0):
 def new generation   total 2176K, used 128K [0xa2200000, 0xa2440000, 0xa6aa0000)
  eden space 2048K,   0% used [0xa2200000, 0xa2200000, 0xa2400000)
  from space 128K, 100% used [0xa2420000, 0xa2440000, 0xa2440000)
  to   space 128K,   0% used [0xa2400000, 0xa2400000, 0xa2420000)
 tenured generation   total 4736K, used 464K [0xa6aa0000, 0xa6f40000, 0xafc00000)
   the space 4736K,   9% used [0xa6aa0000, 0xa6b142a8, 0xa6b14400, 0xa6f40000)
 compacting perm gen  total 4096K, used 2333K [0xafc00000, 0xb0000000, 0xb3c00000)
   the space 4096K,  56% used [0xafc00000, 0xafe47418, 0xafe47600, 0xb0000000)
No shared spaces configured.
}
Event: 8.128 GC heap before
{Heap before GC invocations=1 (full 0):
 def new generation   total 2176K, used 2175K [0xa2200000, 0xa2440000, 0xa6aa0000)
  eden space 2048K,  99% used [0xa2200000, 0xa23fffa0, 0xa2400000)
  from space 128K, 100% used [0xa2420000, 0xa2440000, 0xa2440000)
  to   space 128K,   0% used [0xa2400000, 0xa2400000, 0xa2420000)
 tenured generation   total 4736K, used 464K [0xa6aa0000, 0xa6f40000, 0xafc00000)
   the space 4736K,   9% used [0xa6aa0000, 0xa6b142a8, 0xa6b14400, 0xa6f40000)
 compacting perm gen  total 4096K, used 2854K [0xafc00000, 0xb0000000, 0xb3c00000)
   the space 4096K,  69% used [0xafc00000, 0xafec9bb0, 0xafec9c00, 0xb0000000)
No shared spaces configured.
Event: 8.211 GC heap after
Heap after GC invocations=2 (full 0):
 def new generation   total 2176K, used 128K [0xa2200000, 0xa2440000, 0xa6aa0000)
  eden space 2048K,   0% used [0xa2200000, 0xa2200000, 0xa2400000)
  from space 128K, 100% used [0xa2400000, 0xa2420000, 0xa2420000)
  to   space 128K,   0% used [0xa2420000, 0xa2420000, 0xa2440000)
 tenured generation   total 4736K, used 829K [0xa6aa0000, 0xa6f40000, 0xafc00000)
   the space 4736K,  17% used [0xa6aa0000, 0xa6b6f5d8, 0xa6b6f600, 0xa6f40000)
 compacting perm gen  total 4096K, used 2854K [0xafc00000, 0xb0000000, 0xb3c00000)
   the space 4096K,  69% used [0xafc00000, 0xafec9bb0, 0xafec9c00, 0xb0000000)
No shared spaces configured.
}
Event: 11.370 GC heap before
{Heap before GC invocations=2 (full 0):
 def new generation   total 2176K, used 2175K [0xa2200000, 0xa2440000, 0xa6aa0000)
  eden space 2048K,  99% used [0xa2200000, 0xa23fffd8, 0xa2400000)
  from space 128K, 100% used [0xa2400000, 0xa2420000, 0xa2420000)
  to   space 128K,   0% used [0xa2420000, 0xa2420000, 0xa2440000)
 tenured generation   total 4736K, used 829K [0xa6aa0000, 0xa6f40000, 0xafc00000)
   the space 4736K,  17% used [0xa6aa0000, 0xa6b6f5d8, 0xa6b6f600, 0xa6f40000)
 compacting perm gen  total 4096K, used 3878K [0xafc00000, 0xb0000000, 0xb3c00000)
   the space 4096K,  94% used [0xafc00000, 0xaffc9b40, 0xaffc9c00, 0xb0000000)
No shared spaces configured.
Event: 11.462 GC heap after
Heap after GC invocations=3 (full 0):
 def new generation   total 2176K, used 128K [0xa2200000, 0xa2440000, 0xa6aa0000)
  eden space 2048K,   0% used [0xa2200000, 0xa2200000, 0xa2400000)
  from space 128K, 100% used [0xa2420000, 0xa2440000, 0xa2440000)
  to   space 128K,   0% used [0xa2400000, 0xa2400000, 0xa2420000)
 tenured generation   total 4736K, used 1207K [0xa6aa0000, 0xa6f40000, 0xafc00000)
   the space 4736K,  25% used [0xa6aa0000, 0xa6bcdd10, 0xa6bcde00, 0xa6f40000)
 compacting perm gen  total 4096K, used 3878K [0xafc00000, 0xb0000000, 0xb3c00000)
   the space 4096K,  94% used [0xafc00000, 0xaffc9b40, 0xaffc9c00, 0xb0000000)
No shared spaces configured.
}

Deoptimization events (0 events):
No events

Internal exceptions (10 events):
Event: 11.616 Thread 0x0136b738 Threw 0xa222d178 at /openjdk-7-7u85-2.6.1/build/openjdk/hotspot/src/share/vm/prims/jvm.cpp:1322
Event: 11.636 Thread 0x0136b738 Threw 0xa2234958 at /openjdk-7-7u85-2.6.1/build/openjdk/hotspot/src/share/vm/prims/jvm.cpp:1322
Event: 11.656 Thread 0x0136b738 Threw 0xa223bdc0 at /openjdk-7-7u85-2.6.1/build/openjdk/hotspot/src/share/vm/prims/jvm.cpp:1322
Event: 11.674 Thread 0x0136b738 Threw 0xa2240690 at /openjdk-7-7u85-2.6.1/build/openjdk/hotspot/src/share/vm/prims/jvm.cpp:1322
Event: 11.694 Thread 0x0136b738 Threw 0xa2245cf0 at /openjdk-7-7u85-2.6.1/build/openjdk/hotspot/src/share/vm/prims/jvm.cpp:1322
Event: 11.713 Thread 0x0136b738 Threw 0xa2249ed0 at /openjdk-7-7u85-2.6.1/build/openjdk/hotspot/src/share/vm/prims/jvm.cpp:1322
Event: 11.732 Thread 0x0136b738 Threw 0xa224e0f8 at /openjdk-7-7u85-2.6.1/build/openjdk/hotspot/src/share/vm/prims/jvm.cpp:1322
Event: 11.751 Thread 0x0136b738 Threw 0xa2252798 at /openjdk-7-7u85-2.6.1/build/openjdk/hotspot/src/share/vm/prims/jvm.cpp:1322
Event: 12.011 Thread 0x0136b738 Threw 0xa22600b0 at /openjdk-7-7u85-2.6.1/build/openjdk/hotspot/src/share/vm/prims/jvm.cpp:1322
Event: 12.055 Thread 0x0136b738 Threw 0xa226ace8 at /openjdk-7-7u85-2.6.1/build/openjdk/hotspot/src/share/vm/prims/jvm.cpp:1322

Events (10 events):
Event: 13.077 loading class 0x0152dec8
Event: 13.089 loading class 0x0152dec8 done
Event: 13.283 loading class 0xa215f4a0
Event: 13.284 loading class 0xa215f4a0 done
Event: 13.284 loading class 0x0152e408
Event: 13.285 loading class 0x0152e408 done
Event: 13.286 loading class 0xa2117438
Event: 13.298 loading class 0xa2117438 done
Event: 13.299 loading class 0x0152e5b8
Event: 13.299 loading class 0x0152e5b8 done


Dynamic libraries:
00008000-00009000 r-xp 00000000 b3:02 395578     /usr/lib/jvm/java-7-openjdk-armhf/jre/bin/java
00010000-00011000 r--p 00000000 b3:02 395578     /usr/lib/jvm/java-7-openjdk-armhf/jre/bin/java
00011000-00012000 rw-p 00001000 b3:02 395578     /usr/lib/jvm/java-7-openjdk-armhf/jre/bin/java
01364000-0159d000 rw-p 00000000 00:00 0          [heap]
a1221000-a1293000 r-xp 00000000 b3:02 27162      /tmp/sqlite-3.8.11.2-248259c2-937b-4e0c-a8e3-ce0e19f1cf20-libsqlitejdbc.so
a1293000-a129a000 ---p 00072000 b3:02 27162      /tmp/sqlite-3.8.11.2-248259c2-937b-4e0c-a8e3-ce0e19f1cf20-libsqlitejdbc.so
a129a000-a129c000 r--p 00071000 b3:02 27162      /tmp/sqlite-3.8.11.2-248259c2-937b-4e0c-a8e3-ce0e19f1cf20-libsqlitejdbc.so
a129c000-a129e000 rw-p 00073000 b3:02 27162      /tmp/sqlite-3.8.11.2-248259c2-937b-4e0c-a8e3-ce0e19f1cf20-libsqlitejdbc.so
a129e000-a12a1000 ---p 00000000 00:00 0 
a12a1000-a12b6000 rw-p 00000000 00:00 0          [stack:2727]
a12b6000-a12f1000 r-xp 00000000 b3:02 41969      /lib/arm-linux-gnueabihf/libpcre.so.3.13.1
a12f1000-a12f8000 ---p 0003b000 b3:02 41969      /lib/arm-linux-gnueabihf/libpcre.so.3.13.1
a12f8000-a12f9000 rw-p 0003a000 b3:02 41969      /lib/arm-linux-gnueabihf/libpcre.so.3.13.1
a12f9000-a1305000 r-xp 00000000 b3:02 20615      /usr/lib/arm-linux-gnueabihf/libffi.so.5.0.10
a1305000-a130c000 ---p 0000c000 b3:02 20615      /usr/lib/arm-linux-gnueabihf/libffi.so.5.0.10
a130c000-a130d000 rw-p 0000b000 b3:02 20615      /usr/lib/arm-linux-gnueabihf/libffi.so.5.0.10
a130d000-a131d000 r-xp 00000000 b3:02 1935       /lib/arm-linux-gnueabihf/libresolv-2.13.so
a131d000-a131e000 r--p 00010000 b3:02 1935       /lib/arm-linux-gnueabihf/libresolv-2.13.so
a131e000-a131f000 rw-p 00011000 b3:02 1935       /lib/arm-linux-gnueabihf/libresolv-2.13.so
a131f000-a1321000 rw-p 00000000 00:00 0 
a1321000-a133b000 r-xp 00000000 b3:02 2535       /lib/arm-linux-gnueabihf/libselinux.so.1
a133b000-a1342000 ---p 0001a000 b3:02 2535       /lib/arm-linux-gnueabihf/libselinux.so.1
a1342000-a1343000 r--p 00019000 b3:02 2535       /lib/arm-linux-gnueabihf/libselinux.so.1
a1343000-a1344000 rw-p 0001a000 b3:02 2535       /lib/arm-linux-gnueabihf/libselinux.so.1
a1344000-a1347000 r-xp 00000000 b3:02 20652      /usr/lib/arm-linux-gnueabihf/libgmodule-2.0.so.0.4000.0
a1347000-a134e000 ---p 00003000 b3:02 20652      /usr/lib/arm-linux-gnueabihf/libgmodule-2.0.so.0.4000.0
a134e000-a134f000 r--p 00002000 b3:02 20652      /usr/lib/arm-linux-gnueabihf/libgmodule-2.0.so.0.4000.0
a134f000-a1350000 rw-p 00003000 b3:02 20652      /usr/lib/arm-linux-gnueabihf/libgmodule-2.0.so.0.4000.0
a1350000-a143b000 r-xp 00000000 b3:02 20630      /lib/arm-linux-gnueabihf/libglib-2.0.so.0.4000.0
a143b000-a1442000 ---p 000eb000 b3:02 20630      /lib/arm-linux-gnueabihf/libglib-2.0.so.0.4000.0
a1442000-a1443000 r--p 000ea000 b3:02 20630      /lib/arm-linux-gnueabihf/libglib-2.0.so.0.4000.0
a1443000-a1444000 rw-p 000eb000 b3:02 20630      /lib/arm-linux-gnueabihf/libglib-2.0.so.0.4000.0
a1444000-a148a000 r-xp 00000000 b3:02 20650      /usr/lib/arm-linux-gnueabihf/libgobject-2.0.so.0.4000.0
a148a000-a1492000 ---p 00046000 b3:02 20650      /usr/lib/arm-linux-gnueabihf/libgobject-2.0.so.0.4000.0
a1492000-a1493000 r--p 00046000 b3:02 20650      /usr/lib/arm-linux-gnueabihf/libgobject-2.0.so.0.4000.0
a1493000-a1494000 rw-p 00047000 b3:02 20650      /usr/lib/arm-linux-gnueabihf/libgobject-2.0.so.0.4000.0
a1494000-a15c5000 r-xp 00000000 b3:02 20651      /usr/lib/arm-linux-gnueabihf/libgio-2.0.so.0.4000.0
a15c5000-a15cd000 ---p 00131000 b3:02 20651      /usr/lib/arm-linux-gnueabihf/libgio-2.0.so.0.4000.0
a15cd000-a15cf000 r--p 00131000 b3:02 20651      /usr/lib/arm-linux-gnueabihf/libgio-2.0.so.0.4000.0
a15cf000-a15d1000 rw-p 00133000 b3:02 20651      /usr/lib/arm-linux-gnueabihf/libgio-2.0.so.0.4000.0
a15d1000-a15d2000 rw-p 00000000 00:00 0 
a15dd000-a15e1000 r--s 0004e000 b3:02 395500     /usr/lib/jvm/java-7-openjdk-armhf/jre/lib/jsse.jar
a15e1000-a15f6000 r-xp 00000000 b3:02 395563     /usr/lib/jvm/java-7-openjdk-armhf/jre/lib/arm/libnet.so
a15f6000-a15fd000 ---p 00015000 b3:02 395563     /usr/lib/jvm/java-7-openjdk-armhf/jre/lib/arm/libnet.so
a15fd000-a15fe000 r--p 00014000 b3:02 395563     /usr/lib/jvm/java-7-openjdk-armhf/jre/lib/arm/libnet.so
a15fe000-a15ff000 rw-p 00015000 b3:02 395563     /usr/lib/jvm/java-7-openjdk-armhf/jre/lib/arm/libnet.so
a15ff000-a160d000 r-xp 00000000 b3:02 395541     /usr/lib/jvm/java-7-openjdk-armhf/jre/lib/arm/libnio.so
a160d000-a1614000 ---p 0000e000 b3:02 395541     /usr/lib/jvm/java-7-openjdk-armhf/jre/lib/arm/libnio.so
a1614000-a1615000 r--p 0000d000 b3:02 395541     /usr/lib/jvm/java-7-openjdk-armhf/jre/lib/arm/libnio.so
a1615000-a1616000 rw-p 0000e000 b3:02 395541     /usr/lib/jvm/java-7-openjdk-armhf/jre/lib/arm/libnio.so
a1616000-a1618000 r--s 00007000 b3:02 396595     /root/.m2/repository/org/apache/maven/surefire/surefire-junit4/2.10/surefire-junit4-2.10.jar
a1618000-a1620000 r--s 00045000 b3:02 396573     /root/.m2/repository/junit/junit/4.12/junit-4.12.jar
a1620000-a1625000 r--s 0054d000 b3:02 394958     /root/.m2/repository/org/xerial/sqlite-jdbc/3.8.11.2/sqlite-jdbc-3.8.11.2.jar
a1625000-a1626000 ---p 00000000 00:00 0 
a1626000-a16a5000 rw-p 00000000 00:00 0          [stack:2725]
a16a5000-a16a8000 ---p 00000000 00:00 0 
a16a8000-a1845000 rw-p 00000000 00:00 0          [stack:2724]
a1845000-a1848000 ---p 00000000 00:00 0 
a1848000-a19e5000 rw-p 00000000 00:00 0          [stack:2723]
a19e5000-a1b5c000 r--p 00000000 b3:02 15336      /usr/lib/locale/locale-archive
a1b5c000-a1b5f000 ---p 00000000 00:00 0 
a1b5f000-a1cfc000 rw-p 00000000 00:00 0          [stack:2722]
a1cfc000-a1cff000 ---p 00000000 00:00 0 
a1cff000-a1e9c000 rw-p 00000000 00:00 0          [stack:2721]
a1e9c000-a1e9d000 ---p 00000000 00:00 0 
a1e9d000-a1f65000 rw-p 00000000 00:00 0          [stack:2720]
a1f65000-a2117000 r--s 01ceb000 b3:02 395501     /usr/lib/jvm/java-7-openjdk-armhf/jre/lib/rt.jar
a2117000-a2174000 rw-p 00000000 00:00 0 
a2174000-a2196000 rw-p 00000000 00:00 0 
a2196000-a2199000 rw-p 00000000 00:00 0 
a2199000-a21df000 rw-p 00000000 00:00 0 
a21df000-a21e2000 rw-p 00000000 00:00 0 
a21e2000-a21ff000 rw-p 00000000 00:00 0 
a21ff000-a2440000 rw-p 00000000 00:00 0 
a2440000-a6aa0000 rw-p 00000000 00:00 0 
a6aa0000-a6f40000 rw-p 00000000 00:00 0 
a6f40000-afc00000 rw-p 00000000 00:00 0 
afc00000-b0080000 rw-p 00000000 00:00 0 
b0080000-b3c00000 rw-p 00000000 00:00 0 
b3c01000-b3c03000 r--s 00009000 b3:02 396574     /root/.m2/repository/org/hamcrest/hamcrest-core/1.3/hamcrest-core-1.3.jar
b3c03000-b3c07000 r--s 00028000 b3:02 394956     /root/.m2/repository/com/pi4j/pi4j-core/1.0/pi4j-core-1.0.jar
b3c07000-b3c0c000 r--s 00023000 b3:02 270335     /root/.m2/repository/org/apache/maven/surefire/surefire-api/2.10/surefire-api-2.10.jar
b3c0c000-b3c0e000 r--s 00007000 b3:02 270334     /root/.m2/repository/org/apache/maven/surefire/surefire-booter/2.10/surefire-booter-2.10.jar
b3c0e000-b3c0f000 r--s 00000000 b3:02 396599     /opt/FeerBoxClient/FeerBoxClient/target/surefire/surefirebooter7683151654789816688.jar
b3c0f000-b3c12000 r--s 00087000 b3:02 395572     /usr/lib/jvm/java-7-openjdk-armhf/jre/lib/ext/localedata.jar
b3c12000-b3c15000 r--s 0000f000 b3:02 395568     /usr/lib/jvm/java-7-openjdk-armhf/jre/lib/ext/icedtea-sound.jar
b3c15000-b3c16000 r--s 00012000 b3:02 395569     /usr/lib/jvm/java-7-openjdk-armhf/jre/lib/ext/zipfs.jar
b3c16000-b3c19000 rw-p 00000000 00:00 0 
b3c19000-b3c37000 rw-p 00000000 00:00 0 
b3c37000-b3c3a000 rw-p 00000000 00:00 0 
b3c3a000-b3c80000 rw-p 00000000 00:00 0 
b3c80000-b3c81000 rw-p 00000000 00:00 0 
b3c81000-b3d00000 rw-p 00000000 00:00 0 
b3d00000-b3d28000 rwxp 00000000 00:00 0 
b3d28000-b5d00000 rw-p 00000000 00:00 0 
b5d00000-b5d07000 r-xp 00000000 b3:02 395528     /usr/lib/jvm/java-7-openjdk-armhf/jre/lib/arm/libzip.so
b5d07000-b5d0e000 ---p 00007000 b3:02 395528     /usr/lib/jvm/java-7-openjdk-armhf/jre/lib/arm/libzip.so
b5d0e000-b5d0f000 r--p 00006000 b3:02 395528     /usr/lib/jvm/java-7-openjdk-armhf/jre/lib/arm/libzip.so
b5d0f000-b5d10000 rw-p 00007000 b3:02 395528     /usr/lib/jvm/java-7-openjdk-armhf/jre/lib/arm/libzip.so
b5d10000-b5d1a000 r-xp 00000000 b3:02 1923       /lib/arm-linux-gnueabihf/libnss_files-2.13.so
b5d1a000-b5d21000 ---p 0000a000 b3:02 1923       /lib/arm-linux-gnueabihf/libnss_files-2.13.so
b5d21000-b5d22000 r--p 00009000 b3:02 1923       /lib/arm-linux-gnueabihf/libnss_files-2.13.so
b5d22000-b5d23000 rw-p 0000a000 b3:02 1923       /lib/arm-linux-gnueabihf/libnss_files-2.13.so
b5d23000-b5d2c000 r-xp 00000000 b3:02 1920       /lib/arm-linux-gnueabihf/libnss_nis-2.13.so
b5d2c000-b5d33000 ---p 00009000 b3:02 1920       /lib/arm-linux-gnueabihf/libnss_nis-2.13.so
b5d33000-b5d34000 r--p 00008000 b3:02 1920       /lib/arm-linux-gnueabihf/libnss_nis-2.13.so
b5d34000-b5d35000 rw-p 00009000 b3:02 1920       /lib/arm-linux-gnueabihf/libnss_nis-2.13.so
b5d35000-b5d46000 r-xp 00000000 b3:02 1928       /lib/arm-linux-gnueabihf/libnsl-2.13.so
b5d46000-b5d4d000 ---p 00011000 b3:02 1928       /lib/arm-linux-gnueabihf/libnsl-2.13.so
b5d4d000-b5d4e000 r--p 00010000 b3:02 1928       /lib/arm-linux-gnueabihf/libnsl-2.13.so
b5d4e000-b5d4f000 rw-p 00011000 b3:02 1928       /lib/arm-linux-gnueabihf/libnsl-2.13.so
b5d4f000-b5d51000 rw-p 00000000 00:00 0 
b5d51000-b5d57000 r-xp 00000000 b3:02 1936       /lib/arm-linux-gnueabihf/libnss_compat-2.13.so
b5d57000-b5d5e000 ---p 00006000 b3:02 1936       /lib/arm-linux-gnueabihf/libnss_compat-2.13.so
b5d5e000-b5d5f000 r--p 00005000 b3:02 1936       /lib/arm-linux-gnueabihf/libnss_compat-2.13.so
b5d5f000-b5d60000 rw-p 00006000 b3:02 1936       /lib/arm-linux-gnueabihf/libnss_compat-2.13.so
b5d60000-b5d84000 r-xp 00000000 b3:02 395533     /usr/lib/jvm/java-7-openjdk-armhf/jre/lib/arm/libjava.so
b5d84000-b5d8b000 ---p 00024000 b3:02 395533     /usr/lib/jvm/java-7-openjdk-armhf/jre/lib/arm/libjava.so
b5d8b000-b5d8c000 r--p 00023000 b3:02 395533     /usr/lib/jvm/java-7-openjdk-armhf/jre/lib/arm/libjava.so
b5d8c000-b5d8d000 rw-p 00024000 b3:02 395533     /usr/lib/jvm/java-7-openjdk-armhf/jre/lib/arm/libjava.so
b5d8d000-b5d98000 r-xp 00000000 b3:02 395549     /usr/lib/jvm/java-7-openjdk-armhf/jre/lib/arm/libverify.so
b5d98000-b5da0000 ---p 0000b000 b3:02 395549     /usr/lib/jvm/java-7-openjdk-armhf/jre/lib/arm/libverify.so
b5da0000-b5da1000 r--p 0000b000 b3:02 395549     /usr/lib/jvm/java-7-openjdk-armhf/jre/lib/arm/libverify.so
b5da1000-b5da2000 rw-p 0000c000 b3:02 395549     /usr/lib/jvm/java-7-openjdk-armhf/jre/lib/arm/libverify.so
b5da2000-b5da8000 r-xp 00000000 b3:02 1926       /lib/arm-linux-gnueabihf/librt-2.13.so
b5da8000-b5daf000 ---p 00006000 b3:02 1926       /lib/arm-linux-gnueabihf/librt-2.13.so
b5daf000-b5db0000 r--p 00005000 b3:02 1926       /lib/arm-linux-gnueabihf/librt-2.13.so
b5db0000-b5db1000 rw-p 00006000 b3:02 1926       /lib/arm-linux-gnueabihf/librt-2.13.so
b5db1000-b5db5000 ---p 00000000 00:00 0 
b5db5000-b5f51000 rw-p 00000000 00:00 0          [stack:2719]
b5f51000-b6751000 rwxp 00000000 00:00 0 
b6751000-b67b9000 r-xp 00000000 b3:02 1918       /lib/arm-linux-gnueabihf/libm-2.13.so
b67b9000-b67c0000 ---p 00068000 b3:02 1918       /lib/arm-linux-gnueabihf/libm-2.13.so
b67c0000-b67c1000 r--p 00067000 b3:02 1918       /lib/arm-linux-gnueabihf/libm-2.13.so
b67c1000-b67c2000 rw-p 00068000 b3:02 1918       /lib/arm-linux-gnueabihf/libm-2.13.so
b67c2000-b6881000 r-xp 00000000 b3:02 29045      /usr/lib/arm-linux-gnueabihf/libstdc++.so.6.0.19
b6881000-b6888000 ---p 000bf000 b3:02 29045      /usr/lib/arm-linux-gnueabihf/libstdc++.so.6.0.19
b6888000-b688c000 r--p 000be000 b3:02 29045      /usr/lib/arm-linux-gnueabihf/libstdc++.so.6.0.19
b688c000-b688e000 rw-p 000c2000 b3:02 29045      /usr/lib/arm-linux-gnueabihf/libstdc++.so.6.0.19
b688e000-b6894000 rw-p 00000000 00:00 0 
b6894000-b6cbc000 r-xp 00000000 b3:02 395551     /usr/lib/jvm/java-7-openjdk-armhf/jre/lib/arm/server/libjvm.so
b6cbc000-b6ccb000 r--p 00428000 b3:02 395551     /usr/lib/jvm/java-7-openjdk-armhf/jre/lib/arm/server/libjvm.so
b6ccb000-b6cdc000 rw-p 00437000 b3:02 395551     /usr/lib/jvm/java-7-openjdk-armhf/jre/lib/arm/server/libjvm.so
b6cdc000-b6d38000 rw-p 00000000 00:00 0 
b6d38000-b6d58000 r-xp 00000000 b3:02 41964      /lib/arm-linux-gnueabihf/libgcc_s.so.1
b6d58000-b6d5f000 ---p 00020000 b3:02 41964      /lib/arm-linux-gnueabihf/libgcc_s.so.1
b6d5f000-b6d60000 rw-p 0001f000 b3:02 41964      /lib/arm-linux-gnueabihf/libgcc_s.so.1
b6d60000-b6d74000 r-xp 00000000 b3:02 5186       /lib/arm-linux-gnueabihf/libz.so.1.2.7
b6d74000-b6d7c000 ---p 00014000 b3:02 5186       /lib/arm-linux-gnueabihf/libz.so.1.2.7
b6d7c000-b6d7d000 r--p 00014000 b3:02 5186       /lib/arm-linux-gnueabihf/libz.so.1.2.7
b6d7d000-b6d7e000 rw-p 00015000 b3:02 5186       /lib/arm-linux-gnueabihf/libz.so.1.2.7
b6d7e000-b6ea1000 r-xp 00000000 b3:02 1925       /lib/arm-linux-gnueabihf/libc-2.13.so
b6ea1000-b6ea8000 ---p 00123000 b3:02 1925       /lib/arm-linux-gnueabihf/libc-2.13.so
b6ea8000-b6eaa000 r--p 00122000 b3:02 1925       /lib/arm-linux-gnueabihf/libc-2.13.so
b6eaa000-b6eab000 rw-p 00124000 b3:02 1925       /lib/arm-linux-gnueabihf/libc-2.13.so
b6eab000-b6eae000 rw-p 00000000 00:00 0 
b6eae000-b6eb0000 r-xp 00000000 b3:02 1927       /lib/arm-linux-gnueabihf/libdl-2.13.so
b6eb0000-b6eb7000 ---p 00002000 b3:02 1927       /lib/arm-linux-gnueabihf/libdl-2.13.so
b6eb7000-b6eb8000 r--p 00001000 b3:02 1927       /lib/arm-linux-gnueabihf/libdl-2.13.so
b6eb8000-b6eb9000 rw-p 00002000 b3:02 1927       /lib/arm-linux-gnueabihf/libdl-2.13.so
b6eb9000-b6ec5000 r-xp 00000000 b3:02 395557     /usr/lib/jvm/java-7-openjdk-armhf/jre/lib/arm/jli/libjli.so
b6ec5000-b6ecc000 ---p 0000c000 b3:02 395557     /usr/lib/jvm/java-7-openjdk-armhf/jre/lib/arm/jli/libjli.so
b6ecc000-b6ecd000 r--p 0000b000 b3:02 395557     /usr/lib/jvm/java-7-openjdk-armhf/jre/lib/arm/jli/libjli.so
b6ecd000-b6ece000 rw-p 0000c000 b3:02 395557     /usr/lib/jvm/java-7-openjdk-armhf/jre/lib/arm/jli/libjli.so
b6ece000-b6ee2000 r-xp 00000000 b3:02 1922       /lib/arm-linux-gnueabihf/libpthread-2.13.so
b6ee2000-b6ee9000 ---p 00014000 b3:02 1922       /lib/arm-linux-gnueabihf/libpthread-2.13.so
b6ee9000-b6eea000 r--p 00013000 b3:02 1922       /lib/arm-linux-gnueabihf/libpthread-2.13.so
b6eea000-b6eeb000 rw-p 00014000 b3:02 1922       /lib/arm-linux-gnueabihf/libpthread-2.13.so
b6eeb000-b6eed000 rw-p 00000000 00:00 0 
b6eed000-b6ef0000 r--s 0003c000 b3:02 395570     /usr/lib/jvm/java-7-openjdk-armhf/jre/lib/ext/sunpkcs11.jar
b6ef0000-b6ef4000 r--s 00033000 b3:02 395573     /usr/lib/jvm/java-7-openjdk-armhf/jre/lib/ext/sunjce_provider.jar
b6ef4000-b6efc000 rw-s 00000000 b3:02 270533     /tmp/hsperfdata_root/2716
b6efc000-b6efe000 r-xp 00000000 b3:02 28719      /usr/lib/arm-linux-gnueabihf/libcofi_rpi.so
b6efe000-b6f05000 ---p 00002000 b3:02 28719      /usr/lib/arm-linux-gnueabihf/libcofi_rpi.so
b6f05000-b6f06000 rw-p 00001000 b3:02 28719      /usr/lib/arm-linux-gnueabihf/libcofi_rpi.so
b6f06000-b6f23000 r-xp 00000000 b3:02 1919       /lib/arm-linux-gnueabihf/ld-2.13.so
b6f23000-b6f24000 r--s 00007000 b3:02 131578     /usr/share/java/java-atk-wrapper.jar
b6f24000-b6f25000 r--s 00002000 b3:02 395571     /usr/lib/jvm/java-7-openjdk-armhf/jre/lib/ext/dnsns.jar
b6f25000-b6f26000 rw-p 00000000 00:00 0 
b6f26000-b6f27000 r--p 00000000 00:00 0 
b6f27000-b6f2b000 rw-p 00000000 00:00 0 
b6f2b000-b6f2c000 r--p 0001d000 b3:02 1919       /lib/arm-linux-gnueabihf/ld-2.13.so
b6f2c000-b6f2d000 rw-p 0001e000 b3:02 1919       /lib/arm-linux-gnueabihf/ld-2.13.so
be971000-be992000 rw-p 00000000 00:00 0          [stack]
bee8c000-bee8d000 r-xp 00000000 00:00 0          [sigpage]
ffff0000-ffff1000 r-xp 00000000 00:00 0          [vectors]

VM Arguments:
java_command: /opt/FeerBoxClient/FeerBoxClient/target/surefire/surefirebooter7683151654789816688.jar /opt/FeerBoxClient/FeerBoxClient/target/surefire/surefire7754445447718944437tmp /opt/FeerBoxClient/FeerBoxClient/target/surefire/surefire7571462350007458701tmp
Launcher Type: SUN_STANDARD

Environment Variables:
JAVA_HOME=/usr/lib/jvm/java-7-openjdk-armhf
PATH=/usr/local/sbin:/usr/local/bin:/usr/sbin:/usr/bin:/sbin:/bin
USERNAME=root
SHELL=/bin/bash

Signal Handlers:
SIGSEGV: [libjvm.so+0x3d3c7c], sa_mask[0]=0x7ffbfeff, sa_flags=0x10000004
SIGBUS: [libjvm.so+0x3d3c7c], sa_mask[0]=0x7ffbfeff, sa_flags=0x10000004
SIGFPE: [libjvm.so+0x315df8], sa_mask[0]=0x7ffbfeff, sa_flags=0x10000004
SIGPIPE: [libjvm.so+0x315df8], sa_mask[0]=0x7ffbfeff, sa_flags=0x10000004
SIGXFSZ: [libjvm.so+0x315df8], sa_mask[0]=0x7ffbfeff, sa_flags=0x10000004
SIGILL: [libjvm.so+0x315df8], sa_mask[0]=0x7ffbfeff, sa_flags=0x10000004
SIGUSR1: SIG_DFL, sa_mask[0]=0x00000000, sa_flags=0x00000000
SIGUSR2: [libjvm.so+0x315f3c], sa_mask[0]=0x00000004, sa_flags=0x10000004
SIGHUP: [libjvm.so+0x31672c], sa_mask[0]=0x7ffbfeff, sa_flags=0x10000004
SIGINT: [libjvm.so+0x31672c], sa_mask[0]=0x7ffbfeff, sa_flags=0x10000004
SIGTERM: [libjvm.so+0x31672c], sa_mask[0]=0x7ffbfeff, sa_flags=0x10000004
SIGQUIT: [libjvm.so+0x31672c], sa_mask[0]=0x7ffbfeff, sa_flags=0x10000004
SIGTRAP: SIG_DFL, sa_mask[0]=0x00000000, sa_flags=0x00000000


---------------  S Y S T E M  ---------------

OS:7.8

uname:Linux 4.1.7+ #817 PREEMPT Sat Sep 19 15:25:36 BST 2015 armv6l
libc:glibc 2.13 NPTL 2.13 
rlimit: STACK 8192k, CORE 0k, NPROC 3410, NOFILE 4096, AS infinity
load average:2.37 1.89 1.46

/proc/meminfo:
MemTotal:         445044 kB
MemFree:          250772 kB
MemAvailable:     313672 kB
Buffers:           15448 kB
Cached:            68044 kB
SwapCached:            0 kB
Active:           148012 kB
Inactive:          26888 kB
Active(anon):      92976 kB
Inactive(anon):      496 kB
Active(file):      55036 kB
Inactive(file):    26392 kB
Unevictable:        1856 kB
Mlocked:            1856 kB
SwapTotal:        102396 kB
SwapFree:         102396 kB
Dirty:               704 kB
Writeback:             0 kB
AnonPages:         93304 kB
Mapped:            21380 kB
Shmem:               524 kB
Slab:               7536 kB
SReclaimable:       3900 kB
SUnreclaim:         3636 kB
KernelStack:         928 kB
PageTables:         1040 kB
NFS_Unstable:          0 kB
Bounce:                0 kB
WritebackTmp:          0 kB
CommitLimit:      324916 kB
Committed_AS:     278472 kB
VmallocTotal:     565248 kB
VmallocUsed:         980 kB
VmallocChunk:     327824 kB
CmaTotal:           8192 kB
CmaFree:            3744 kB


CPU:total 1 

/proc/cpuinfo:
processor	: 0
model name	: ARMv6-compatible processor rev 7 (v6l)
BogoMIPS	: 2.00
Features	: half thumb fastmult vfp edsp java tls 
CPU implementer	: 0x41
CPU architecture: 7
CPU variant	: 0x0
CPU part	: 0xb76
CPU revision	: 7

Hardware	: BCM2708
Revision	: 0010
Serial		: 000000002e143d55


Memory: 4k page, physical 445044k(250772k free), swap 102396k(102396k free)

vm_info: OpenJDK Zero VM (24.85-b03) for linux-arm-vfp JRE (1.7.0_85-b01), built on Oct 28 2015 02:04:30 by "root" with gcc 4.7.2

time: Sun Dec 13 22:30:16 2015
elapsed time: 14 seconds

