#
# A fatal error has been detected by the Java Runtime Environment:
#
#  SIGILL (0x4) at pc=0xac778cb0, pid=7583, tid=3057206384
#
# JRE version: Java(TM) SE Runtime Environment (8.0-b132) (build 1.8.0-b132)
# Java VM: Java HotSpot(TM) Client VM (25.0-b70 mixed mode linux-arm )
# Problematic frame:
# C  [sqlite-3.8.11.2-c6e4a33c-fe19-493c-9c45-afcbc045299f-libsqlitejdbc.so+0x5cb0]  _init+0x290b
#
# Failed to write core dump. Core dumps have been disabled. To enable core dumping, try "ulimit -c unlimited" before starting Java again
#
# If you would like to submit a bug report, please visit:
#   http://bugreport.sun.com/bugreport/crash.jsp
# The crash happened outside the Java Virtual Machine in native code.
# See problematic frame for where to report the bug.
#

---------------  T H R E A D  ---------------

Current thread (0x01556a40):  JavaThread "main" [_thread_in_native, id=7586, stack(0xb6345000,0xb6395000)]

siginfo:si_signo=SIGILL: si_errno=0, si_code=1 (ILL_ILLOPC), si_addr=0xac778cb0

Registers:
  r0  = 0x00000005
  r1  = 0xbec31694
  r2  = 0x0000015c
  r3  = 0x00000000
  r4  = 0x00000005
  r5  = 0xbec31694
  r6  = 0x01676188
  r7  = 0xbec316ac
  r8  = 0xbec31694
  r9  = 0xb6f71048
  r10 = 0x00000005
  fp  = 0xb6391c64
  r12 = 0xb6391e38
  sp  = 0xb6391ba8
  lr  = 0xac7763ab
  pc  = 0xac778cb0
  cpsr = 0xa0000030

Top of Stack: (sp=0xb6391ba8)
0xb6391ba8:   ac7763a5 b6f5a210 bec316ac 00000001
0xb6391bb8:   00000000 01676188 bec316ac bec31694
0xb6391bc8:   00000005 b6f5a36c 01676188 b6f71560
0xb6391bd8:   016762e4 b6f71048 00000003 00000003
0xb6391be8:   00000001 b6f5e3b8 00000001 b6f71094
0xb6391bf8:   01676188 01676188 80000000 00000000
0xb6391c08:   00000000 00000000 00071764 00000000
0xb6391c18:   00000000 000716a4 00000000 b6391c00 

Instructions: (pc=0xac778cb0)
0xac778c90:   2018f8d8 65933b01 9c179b30 b021601c
0xac778ca0:   8ff0e8bd 0006626c 4a044b03 589b447b
0xac778cb0:   f7fdb10b 4770bca5 00075350 0000015c
0xac778cc0:   b5084a09 4b09447a 447b7812 4a08b95a 

Register to memory mapping:

  r0  = 0x00000005
0x00000005 is an unknown value

  r1  = 0xbec31694
0xbec31694 is an unknown value

  r2  = 0x0000015c
0x0000015c is an unknown value

  r3  = 0x00000000
0x00000000 is an unknown value

  r4  = 0x00000005
0x00000005 is an unknown value

  r5  = 0xbec31694
0xbec31694 is an unknown value

  r6  = 0x01676188
0x01676188 is an unknown value

  r7  = 0xbec316ac
0xbec316ac is an unknown value

  r8  = 0xbec31694
0xbec31694 is an unknown value

  r9  = 0xb6f71048
0xb6f71048: _rtld_global+0 in /lib/ld-linux-armhf.so.3 at 0xb6f4b000

  r10 = 0x00000005
0x00000005 is an unknown value

  fp  = 0xb6391c64
0xb6391c64 is pointing into the stack for thread: 0x01556a40

  r12 = 0xb6391e38
0xb6391e38 is pointing into the stack for thread: 0x01556a40

  sp  = 0xb6391ba8
0xb6391ba8 is pointing into the stack for thread: 0x01556a40

  lr  = 0xac7763ab
0xac7763ab: <offset 0x33ab> in /tmp/sqlite-3.8.11.2-c6e4a33c-fe19-493c-9c45-afcbc045299f-libsqlitejdbc.so at 0xac773000

  pc  = 0xac778cb0
0xac778cb0: <offset 0x5cb0> in /tmp/sqlite-3.8.11.2-c6e4a33c-fe19-493c-9c45-afcbc045299f-libsqlitejdbc.so at 0xac773000



Stack: [0xb6345000,0xb6395000],  sp=0xb6391ba8,  free space=306k
Native frames: (J=compiled Java code, j=interpreted, Vv=VM code, C=native code)
C  [sqlite-3.8.11.2-c6e4a33c-fe19-493c-9c45-afcbc045299f-libsqlitejdbc.so+0x5cb0]  _init+0x290b
